Release 13.1 Map O.40d (nt)
Xilinx Mapping Report File for Design 'MusicPlayer'

Design Information
------------------
Command Line   : map -intstyle ise -p xc3s200-ft256-4 -cm area -ir off -pr off
-c 100 -o MusicPlayer_map.ncd MusicPlayer.ngd MusicPlayer.pcf 
Target Device  : xc3s200
Target Package : ft256
Target Speed   : -4
Mapper Version : spartan3 -- $Revision: 1.55 $
Mapped Date    : Thu Jul 05 13:17:33 2012

Design Summary
--------------
Number of errors:      0
Number of warnings:    0
Logic Utilization:
  Number of Slice Flip Flops:         1,059 out of   3,840   27%
  Number of 4 input LUTs:             1,539 out of   3,840   40%
Logic Distribution:
  Number of occupied Slices:          1,049 out of   1,920   54%
    Number of Slices containing only related logic:   1,049 out of   1,049 100%
    Number of Slices containing unrelated logic:          0 out of   1,049   0%
      *See NOTES below for an explanation of the effects of unrelated logic.
  Total Number of 4 input LUTs:       1,611 out of   3,840   41%
    Number used as logic:             1,539
    Number used as a route-thru:         72

  The Slice Logic Distribution report is not meaningful if the design is
  over-mapped for a non-slice resource or if Placement fails.

  Number of bonded IOBs:                 41 out of     173   23%
  Number of RAMB16s:                      8 out of      12   66%
  Number of BUFGMUXs:                     6 out of       8   75%

Average Fanout of Non-Clock Nets:                3.41

Peak Memory Usage:  170 MB
Total REAL time to MAP completion:  21 secs 
Total CPU time to MAP completion:   3 secs 

NOTES:

   Related logic is defined as being logic that shares connectivity - e.g. two
   LUTs are "related" if they share common inputs.  When assembling slices,
   Map gives priority to combine logic that is related.  Doing so results in
   the best timing performance.

   Unrelated logic shares no connectivity.  Map will only begin packing
   unrelated logic into a slice once 99% of the slices are occupied through
   related logic packing.

   Note that once logic distribution reaches the 99% level through related
   logic packing, this does not mean the device is completely utilized.
   Unrelated logic packing will then begin, continuing until all usable LUTs
   and FFs are occupied.  Depending on your timing budget, increased levels of
   unrelated logic packing may adversely affect the overall timing performance
   of your design.

Table of Contents
-----------------
Section 1 - Errors
Section 2 - Warnings
Section 3 - Informational
Section 4 - Removed Logic Summary
Section 5 - Removed Logic
Section 6 - IOB Properties
Section 7 - RPMs
Section 8 - Guide Report
Section 9 - Area Group and Partition Summary
Section 10 - Timing Report
Section 11 - Configuration String Information
Section 12 - Control Set Information
Section 13 - Utilization by Hierarchy

Section 1 - Errors
------------------

Section 2 - Warnings
--------------------

Section 3 - Informational
-------------------------
INFO:LIT:243 - Logical network
   FIFO/U0/xst_fifo_generator/gconvfifo.rf/grf.rf/gntv_or_sync_fifo.gl0.rd/gr1.r
   fwft/empty_fwft_i has no load.
INFO:LIT:395 - The above info message is repeated 29 more times for the
   following (max. 5 shown):
   FIFO/U0/xst_fifo_generator/gconvfifo.rf/grf.rf/gntv_or_sync_fifo.gl0.wr/gwas.
   wsts/ram_full_i,
   FIFO/U0/xst_fifo_generator/gconvfifo.rf/grf.rf/gntv_or_sync_fifo.gl0.wr/gwdc1
   .wdcext/wr_data_count_i<13>,
   FIFO/U0/xst_fifo_generator/gconvfifo.rf/grf.rf/gntv_or_sync_fifo.gl0.wr/gwdc1
   .wdcext/wr_data_count_i<12>,
   FIFO/U0/xst_fifo_generator/gconvfifo.rf/grf.rf/gntv_or_sync_fifo.gl0.wr/gwdc1
   .wdcext/wr_data_count_i<11>,
   FIFO/U0/xst_fifo_generator/gconvfifo.rf/grf.rf/gntv_or_sync_fifo.gl0.wr/gwdc1
   .wdcext/wr_data_count_i<10>
   To see the details of these info messages, please use the -detail switch.
INFO:MapLib:562 - No environment variables are currently set.
INFO:LIT:244 - All of the single ended outputs in this design are using slew
   rate limited output drivers. The delay on speed critical single ended outputs
   can be dramatically reduced by designating them as fast outputs.

Section 4 - Removed Logic Summary
---------------------------------
 196 block(s) removed
   4 block(s) optimized away
 196 signal(s) removed

Section 5 - Removed Logic
-------------------------

The trimmed logic report below shows the logic removed from your design due to
sourceless or loadless signals, and VCC or ground connections.  If the removal
of a signal or symbol results in the subsequent removal of an additional signal
or symbol, the message explaining that second removal will be indented.  This
indentation will be repeated as a chain of related logic is removed.

To quickly locate the original cause for the removal of a chain of logic, look
above the place where that logic is listed in the trimming report, then locate
the lines that are least indented (begin at the leftmost edge).

The signal
"FIFO/U0/xst_fifo_generator/gconvfifo.rf/grf.rf/gntv_or_sync_fifo.gl0.rd/gr1.rfw
ft/empty_fwft_i" is sourceless and has been removed.
The signal
"FIFO/U0/xst_fifo_generator/gconvfifo.rf/grf.rf/gntv_or_sync_fifo.gl0.wr/gwas.ws
ts/ram_full_i" is sourceless and has been removed.
The signal
"FIFO/U0/xst_fifo_generator/gconvfifo.rf/grf.rf/gntv_or_sync_fifo.gl0.wr/gwdc1.w
dcext/wr_data_count_i<13>" is sourceless and has been removed.
The signal
"FIFO/U0/xst_fifo_generator/gconvfifo.rf/grf.rf/gntv_or_sync_fifo.gl0.wr/gwdc1.w
dcext/wr_data_count_i<12>" is sourceless and has been removed.
The signal
"FIFO/U0/xst_fifo_generator/gconvfifo.rf/grf.rf/gntv_or_sync_fifo.gl0.wr/gwdc1.w
dcext/wr_data_count_i<11>" is sourceless and has been removed.
The signal
"FIFO/U0/xst_fifo_generator/gconvfifo.rf/grf.rf/gntv_or_sync_fifo.gl0.wr/gwdc1.w
dcext/wr_data_count_i<10>" is sourceless and has been removed.
The signal
"FIFO/U0/xst_fifo_generator/gconvfifo.rf/grf.rf/gntv_or_sync_fifo.gl0.wr/gwdc1.w
dcext/wr_data_count_i<9>" is sourceless and has been removed.
The signal
"FIFO/U0/xst_fifo_generator/gconvfifo.rf/grf.rf/gntv_or_sync_fifo.gl0.wr/gwdc1.w
dcext/wr_data_count_i<8>" is sourceless and has been removed.
The signal
"FIFO/U0/xst_fifo_generator/gconvfifo.rf/grf.rf/gntv_or_sync_fifo.gl0.wr/gwdc1.w
dcext/wr_data_count_i<7>" is sourceless and has been removed.
The signal
"FIFO/U0/xst_fifo_generator/gconvfifo.rf/grf.rf/gntv_or_sync_fifo.gl0.wr/gwdc1.w
dcext/wr_data_count_i<6>" is sourceless and has been removed.
The signal
"FIFO/U0/xst_fifo_generator/gconvfifo.rf/grf.rf/gntv_or_sync_fifo.gl0.wr/gwdc1.w
dcext/wr_data_count_i<5>" is sourceless and has been removed.
The signal
"FIFO/U0/xst_fifo_generator/gconvfifo.rf/grf.rf/gntv_or_sync_fifo.gl0.wr/gwdc1.w
dcext/wr_data_count_i<4>" is sourceless and has been removed.
The signal
"FIFO/U0/xst_fifo_generator/gconvfifo.rf/grf.rf/gntv_or_sync_fifo.gl0.wr/gwdc1.w
dcext/wr_data_count_i<3>" is sourceless and has been removed.
The signal
"FIFO/U0/xst_fifo_generator/gconvfifo.rf/grf.rf/gntv_or_sync_fifo.gl0.wr/gwdc1.w
dcext/wr_data_count_i<2>" is sourceless and has been removed.
The signal
"FIFO/U0/xst_fifo_generator/gconvfifo.rf/grf.rf/gntv_or_sync_fifo.gl0.wr/gwdc1.w
dcext/wr_data_count_i<1>" is sourceless and has been removed.
The signal
"FIFO/U0/xst_fifo_generator/gconvfifo.rf/grf.rf/gntv_or_sync_fifo.gl0.wr/gwdc1.w
dcext/wr_data_count_i<0>" is sourceless and has been removed.
The signal
"FIFO/U0/xst_fifo_generator/gconvfifo.rf/grf.rf/gntv_or_sync_fifo.gl0.rd/gr1.grd
c2.rdc/rd_dc_i<13>" is sourceless and has been removed.
The signal
"FIFO/U0/xst_fifo_generator/gconvfifo.rf/grf.rf/gntv_or_sync_fifo.gl0.rd/gr1.grd
c2.rdc/rd_dc_i<12>" is sourceless and has been removed.
The signal
"FIFO/U0/xst_fifo_generator/gconvfifo.rf/grf.rf/gntv_or_sync_fifo.gl0.rd/gr1.grd
c2.rdc/rd_dc_i<11>" is sourceless and has been removed.
The signal
"FIFO/U0/xst_fifo_generator/gconvfifo.rf/grf.rf/gntv_or_sync_fifo.gl0.rd/gr1.grd
c2.rdc/rd_dc_i<10>" is sourceless and has been removed.
The signal
"FIFO/U0/xst_fifo_generator/gconvfifo.rf/grf.rf/gntv_or_sync_fifo.gl0.rd/gr1.grd
c2.rdc/rd_dc_i<9>" is sourceless and has been removed.
The signal
"FIFO/U0/xst_fifo_generator/gconvfifo.rf/grf.rf/gntv_or_sync_fifo.gl0.rd/gr1.grd
c2.rdc/rd_dc_i<8>" is sourceless and has been removed.
The signal
"FIFO/U0/xst_fifo_generator/gconvfifo.rf/grf.rf/gntv_or_sync_fifo.gl0.rd/gr1.grd
c2.rdc/rd_dc_i<7>" is sourceless and has been removed.
The signal
"FIFO/U0/xst_fifo_generator/gconvfifo.rf/grf.rf/gntv_or_sync_fifo.gl0.rd/gr1.grd
c2.rdc/rd_dc_i<6>" is sourceless and has been removed.
The signal
"FIFO/U0/xst_fifo_generator/gconvfifo.rf/grf.rf/gntv_or_sync_fifo.gl0.rd/gr1.grd
c2.rdc/rd_dc_i<5>" is sourceless and has been removed.
The signal
"FIFO/U0/xst_fifo_generator/gconvfifo.rf/grf.rf/gntv_or_sync_fifo.gl0.rd/gr1.grd
c2.rdc/rd_dc_i<4>" is sourceless and has been removed.
The signal
"FIFO/U0/xst_fifo_generator/gconvfifo.rf/grf.rf/gntv_or_sync_fifo.gl0.rd/gr1.grd
c2.rdc/rd_dc_i<3>" is sourceless and has been removed.
The signal
"FIFO/U0/xst_fifo_generator/gconvfifo.rf/grf.rf/gntv_or_sync_fifo.gl0.rd/gr1.grd
c2.rdc/rd_dc_i<2>" is sourceless and has been removed.
The signal
"FIFO/U0/xst_fifo_generator/gconvfifo.rf/grf.rf/gntv_or_sync_fifo.gl0.rd/gr1.grd
c2.rdc/rd_dc_i<1>" is sourceless and has been removed.
The signal
"FIFO/U0/xst_fifo_generator/gconvfifo.rf/grf.rf/gntv_or_sync_fifo.gl0.rd/gr1.grd
c2.rdc/rd_dc_i<0>" is sourceless and has been removed.
The signal
"FIFO/U0/xst_fifo_generator/gconvfifo.rf/grf.rf/gntv_or_sync_fifo.gl0.rd/gr1.rfw
ft/user_valid" is sourceless and has been removed.
 Sourceless block
"FIFO/U0/xst_fifo_generator/gconvfifo.rf/grf.rf/gntv_or_sync_fifo.gl0.rd/gr1.grd
c2.rdc/rd_dc_i_mux0002<10>11" (ROM) removed.
  The signal
"FIFO/U0/xst_fifo_generator/gconvfifo.rf/grf.rf/gntv_or_sync_fifo.gl0.rd/gr1.grd
c2.rdc/N0" is sourceless and has been removed.
   Sourceless block
"FIFO/U0/xst_fifo_generator/gconvfifo.rf/grf.rf/gntv_or_sync_fifo.gl0.rd/gr1.grd
c2.rdc/rd_dc_i_mux0002<13>1" (ROM) removed.
    The signal
"FIFO/U0/xst_fifo_generator/gconvfifo.rf/grf.rf/gntv_or_sync_fifo.gl0.rd/gr1.grd
c2.rdc/rd_dc_i_mux0002<13>" is sourceless and has been removed.
     Sourceless block
"FIFO/U0/xst_fifo_generator/gconvfifo.rf/grf.rf/gntv_or_sync_fifo.gl0.rd/gr1.grd
c2.rdc/rd_dc_i_13" (FF) removed.
   Sourceless block
"FIFO/U0/xst_fifo_generator/gconvfifo.rf/grf.rf/gntv_or_sync_fifo.gl0.rd/gr1.grd
c2.rdc/rd_dc_i_mux0002<2>1" (ROM) removed.
    The signal
"FIFO/U0/xst_fifo_generator/gconvfifo.rf/grf.rf/gntv_or_sync_fifo.gl0.rd/gr1.grd
c2.rdc/rd_dc_i_mux0002<2>" is sourceless and has been removed.
     Sourceless block
"FIFO/U0/xst_fifo_generator/gconvfifo.rf/grf.rf/gntv_or_sync_fifo.gl0.rd/gr1.grd
c2.rdc/rd_dc_i_2" (FF) removed.
   Sourceless block
"FIFO/U0/xst_fifo_generator/gconvfifo.rf/grf.rf/gntv_or_sync_fifo.gl0.rd/gr1.grd
c2.rdc/rd_dc_i_mux0002<3>1" (ROM) removed.
    The signal
"FIFO/U0/xst_fifo_generator/gconvfifo.rf/grf.rf/gntv_or_sync_fifo.gl0.rd/gr1.grd
c2.rdc/rd_dc_i_mux0002<3>" is sourceless and has been removed.
     Sourceless block
"FIFO/U0/xst_fifo_generator/gconvfifo.rf/grf.rf/gntv_or_sync_fifo.gl0.rd/gr1.grd
c2.rdc/rd_dc_i_3" (FF) removed.
   Sourceless block
"FIFO/U0/xst_fifo_generator/gconvfifo.rf/grf.rf/gntv_or_sync_fifo.gl0.rd/gr1.grd
c2.rdc/rd_dc_i_mux0002<4>1" (ROM) removed.
    The signal
"FIFO/U0/xst_fifo_generator/gconvfifo.rf/grf.rf/gntv_or_sync_fifo.gl0.rd/gr1.grd
c2.rdc/rd_dc_i_mux0002<4>" is sourceless and has been removed.
     Sourceless block
"FIFO/U0/xst_fifo_generator/gconvfifo.rf/grf.rf/gntv_or_sync_fifo.gl0.rd/gr1.grd
c2.rdc/rd_dc_i_4" (FF) removed.
   Sourceless block
"FIFO/U0/xst_fifo_generator/gconvfifo.rf/grf.rf/gntv_or_sync_fifo.gl0.rd/gr1.grd
c2.rdc/rd_dc_i_mux0002<5>1" (ROM) removed.
    The signal
"FIFO/U0/xst_fifo_generator/gconvfifo.rf/grf.rf/gntv_or_sync_fifo.gl0.rd/gr1.grd
c2.rdc/rd_dc_i_mux0002<5>" is sourceless and has been removed.
     Sourceless block
"FIFO/U0/xst_fifo_generator/gconvfifo.rf/grf.rf/gntv_or_sync_fifo.gl0.rd/gr1.grd
c2.rdc/rd_dc_i_5" (FF) removed.
   Sourceless block
"FIFO/U0/xst_fifo_generator/gconvfifo.rf/grf.rf/gntv_or_sync_fifo.gl0.rd/gr1.grd
c2.rdc/rd_dc_i_mux0002<6>1" (ROM) removed.
    The signal
"FIFO/U0/xst_fifo_generator/gconvfifo.rf/grf.rf/gntv_or_sync_fifo.gl0.rd/gr1.grd
c2.rdc/rd_dc_i_mux0002<6>" is sourceless and has been removed.
     Sourceless block
"FIFO/U0/xst_fifo_generator/gconvfifo.rf/grf.rf/gntv_or_sync_fifo.gl0.rd/gr1.grd
c2.rdc/rd_dc_i_6" (FF) removed.
   Sourceless block
"FIFO/U0/xst_fifo_generator/gconvfifo.rf/grf.rf/gntv_or_sync_fifo.gl0.rd/gr1.grd
c2.rdc/rd_dc_i_mux0002<7>1" (ROM) removed.
    The signal
"FIFO/U0/xst_fifo_generator/gconvfifo.rf/grf.rf/gntv_or_sync_fifo.gl0.rd/gr1.grd
c2.rdc/rd_dc_i_mux0002<7>" is sourceless and has been removed.
     Sourceless block
"FIFO/U0/xst_fifo_generator/gconvfifo.rf/grf.rf/gntv_or_sync_fifo.gl0.rd/gr1.grd
c2.rdc/rd_dc_i_7" (FF) removed.
   Sourceless block
"FIFO/U0/xst_fifo_generator/gconvfifo.rf/grf.rf/gntv_or_sync_fifo.gl0.rd/gr1.grd
c2.rdc/rd_dc_i_mux0002<8>1" (ROM) removed.
    The signal
"FIFO/U0/xst_fifo_generator/gconvfifo.rf/grf.rf/gntv_or_sync_fifo.gl0.rd/gr1.grd
c2.rdc/rd_dc_i_mux0002<8>" is sourceless and has been removed.
     Sourceless block
"FIFO/U0/xst_fifo_generator/gconvfifo.rf/grf.rf/gntv_or_sync_fifo.gl0.rd/gr1.grd
c2.rdc/rd_dc_i_8" (FF) removed.
   Sourceless block
"FIFO/U0/xst_fifo_generator/gconvfifo.rf/grf.rf/gntv_or_sync_fifo.gl0.rd/gr1.grd
c2.rdc/rd_dc_i_mux0002<9>1" (ROM) removed.
    The signal
"FIFO/U0/xst_fifo_generator/gconvfifo.rf/grf.rf/gntv_or_sync_fifo.gl0.rd/gr1.grd
c2.rdc/rd_dc_i_mux0002<9>" is sourceless and has been removed.
     Sourceless block
"FIFO/U0/xst_fifo_generator/gconvfifo.rf/grf.rf/gntv_or_sync_fifo.gl0.rd/gr1.grd
c2.rdc/rd_dc_i_9" (FF) removed.
   Sourceless block
"FIFO/U0/xst_fifo_generator/gconvfifo.rf/grf.rf/gntv_or_sync_fifo.gl0.rd/gr1.grd
c2.rdc/rd_dc_i_mux0002<10>1" (ROM) removed.
    The signal
"FIFO/U0/xst_fifo_generator/gconvfifo.rf/grf.rf/gntv_or_sync_fifo.gl0.rd/gr1.grd
c2.rdc/rd_dc_i_mux0002<10>" is sourceless and has been removed.
     Sourceless block
"FIFO/U0/xst_fifo_generator/gconvfifo.rf/grf.rf/gntv_or_sync_fifo.gl0.rd/gr1.grd
c2.rdc/rd_dc_i_10" (FF) removed.
   Sourceless block
"FIFO/U0/xst_fifo_generator/gconvfifo.rf/grf.rf/gntv_or_sync_fifo.gl0.rd/gr1.grd
c2.rdc/rd_dc_i_mux0002<11>1" (ROM) removed.
    The signal
"FIFO/U0/xst_fifo_generator/gconvfifo.rf/grf.rf/gntv_or_sync_fifo.gl0.rd/gr1.grd
c2.rdc/rd_dc_i_mux0002<11>" is sourceless and has been removed.
     Sourceless block
"FIFO/U0/xst_fifo_generator/gconvfifo.rf/grf.rf/gntv_or_sync_fifo.gl0.rd/gr1.grd
c2.rdc/rd_dc_i_11" (FF) removed.
   Sourceless block
"FIFO/U0/xst_fifo_generator/gconvfifo.rf/grf.rf/gntv_or_sync_fifo.gl0.rd/gr1.grd
c2.rdc/rd_dc_i_mux0002<12>1" (ROM) removed.
    The signal
"FIFO/U0/xst_fifo_generator/gconvfifo.rf/grf.rf/gntv_or_sync_fifo.gl0.rd/gr1.grd
c2.rdc/rd_dc_i_mux0002<12>" is sourceless and has been removed.
     Sourceless block
"FIFO/U0/xst_fifo_generator/gconvfifo.rf/grf.rf/gntv_or_sync_fifo.gl0.rd/gr1.grd
c2.rdc/rd_dc_i_12" (FF) removed.
 Sourceless block
"FIFO/U0/xst_fifo_generator/gconvfifo.rf/grf.rf/gntv_or_sync_fifo.gl0.rd/gr1.grd
c2.rdc/rd_dc_i_mux0002<0>1" (ROM) removed.
  The signal
"FIFO/U0/xst_fifo_generator/gconvfifo.rf/grf.rf/gntv_or_sync_fifo.gl0.rd/gr1.grd
c2.rdc/rd_dc_i_mux0002<0>" is sourceless and has been removed.
   Sourceless block
"FIFO/U0/xst_fifo_generator/gconvfifo.rf/grf.rf/gntv_or_sync_fifo.gl0.rd/gr1.grd
c2.rdc/rd_dc_i_0" (FF) removed.
 Sourceless block
"FIFO/U0/xst_fifo_generator/gconvfifo.rf/grf.rf/gntv_or_sync_fifo.gl0.rd/gr1.grd
c2.rdc/rd_dc_i_mux0002<1>1" (ROM) removed.
  The signal
"FIFO/U0/xst_fifo_generator/gconvfifo.rf/grf.rf/gntv_or_sync_fifo.gl0.rd/gr1.grd
c2.rdc/rd_dc_i_mux0002<1>" is sourceless and has been removed.
   Sourceless block
"FIFO/U0/xst_fifo_generator/gconvfifo.rf/grf.rf/gntv_or_sync_fifo.gl0.rd/gr1.grd
c2.rdc/rd_dc_i_1" (FF) removed.
The signal
"FIFO/U0/xst_fifo_generator/gconvfifo.rf/grf.rf/gntv_or_sync_fifo.gl0.rd/gr1.rfw
ft/empty_fwft_i_mux0000" is sourceless and has been removed.
 Sourceless block
"FIFO/U0/xst_fifo_generator/gconvfifo.rf/grf.rf/gntv_or_sync_fifo.gl0.rd/gr1.rfw
ft/empty_fwft_fb" (FF) removed.
  The signal
"FIFO/U0/xst_fifo_generator/gconvfifo.rf/grf.rf/gntv_or_sync_fifo.gl0.rd/gr1.rfw
ft/empty_fwft_fb" is sourceless and has been removed.
   Sourceless block
"FIFO/U0/xst_fifo_generator/gconvfifo.rf/grf.rf/gntv_or_sync_fifo.gl0.rd/gr1.rfw
ft/empty_fwft_i_mux00001" (ROM) removed.
 Sourceless block
"FIFO/U0/xst_fifo_generator/gconvfifo.rf/grf.rf/gntv_or_sync_fifo.gl0.rd/gr1.rfw
ft/empty_fwft_i" (FF) removed.
The signal
"FIFO/U0/xst_fifo_generator/gconvfifo.rf/grf.rf/gntv_or_sync_fifo.gl0.wr/gwdc1.w
dcext/Madd_wr_data_count_i_add0000_cy<11>" is sourceless and has been removed.
 Sourceless block
"FIFO/U0/xst_fifo_generator/gconvfifo.rf/grf.rf/gntv_or_sync_fifo.gl0.wr/gwdc1.w
dcext/Madd_wr_data_count_i_add0000_xor<12>" (XOR) removed.
  The signal
"FIFO/U0/xst_fifo_generator/gconvfifo.rf/grf.rf/gntv_or_sync_fifo.gl0.wr/gwdc1.w
dcext/wr_data_count_i_add0000<12>" is sourceless and has been removed.
   Sourceless block
"FIFO/U0/xst_fifo_generator/gconvfifo.rf/grf.rf/gntv_or_sync_fifo.gl0.wr/gwdc1.w
dcext/wr_data_count_i_12" (FF) removed.
 Sourceless block
"FIFO/U0/xst_fifo_generator/gconvfifo.rf/grf.rf/gntv_or_sync_fifo.gl0.wr/gwdc1.w
dcext/Madd_wr_data_count_i_add0000_cy<12>" (MUX) removed.
  The signal
"FIFO/U0/xst_fifo_generator/gconvfifo.rf/grf.rf/gntv_or_sync_fifo.gl0.wr/gwdc1.w
dcext/Madd_wr_data_count_i_add0000_cy<12>" is sourceless and has been removed.
   Sourceless block
"FIFO/U0/xst_fifo_generator/gconvfifo.rf/grf.rf/gntv_or_sync_fifo.gl0.wr/gwdc1.w
dcext/wr_data_count_i_13" (FF) removed.
The signal
"FIFO/U0/xst_fifo_generator/gconvfifo.rf/grf.rf/gntv_or_sync_fifo.gl0.wr/gwdc1.w
dcext/Madd_wr_data_count_i_add0000_cy<12>_rt" is sourceless and has been
removed.
The signal
"FIFO/U0/xst_fifo_generator/gconvfifo.rf/grf.rf/gntv_or_sync_fifo.gl0.wr/gwdc1.w
dcext/Madd_wr_data_count_i_add0000_cy<10>" is sourceless and has been removed.
 Sourceless block
"FIFO/U0/xst_fifo_generator/gconvfifo.rf/grf.rf/gntv_or_sync_fifo.gl0.wr/gwdc1.w
dcext/Madd_wr_data_count_i_add0000_xor<11>" (XOR) removed.
  The signal
"FIFO/U0/xst_fifo_generator/gconvfifo.rf/grf.rf/gntv_or_sync_fifo.gl0.wr/gwdc1.w
dcext/wr_data_count_i_add0000<11>" is sourceless and has been removed.
   Sourceless block
"FIFO/U0/xst_fifo_generator/gconvfifo.rf/grf.rf/gntv_or_sync_fifo.gl0.wr/gwdc1.w
dcext/wr_data_count_i_11" (FF) removed.
 Sourceless block
"FIFO/U0/xst_fifo_generator/gconvfifo.rf/grf.rf/gntv_or_sync_fifo.gl0.wr/gwdc1.w
dcext/Madd_wr_data_count_i_add0000_cy<11>" (MUX) removed.
The signal
"FIFO/U0/xst_fifo_generator/gconvfifo.rf/grf.rf/gntv_or_sync_fifo.gl0.wr/gwdc1.w
dcext/Madd_wr_data_count_i_add0000_cy<11>_rt" is sourceless and has been
removed.
The signal
"FIFO/U0/xst_fifo_generator/gconvfifo.rf/grf.rf/gntv_or_sync_fifo.gl0.wr/gwdc1.w
dcext/Madd_wr_data_count_i_add0000_cy<9>" is sourceless and has been removed.
 Sourceless block
"FIFO/U0/xst_fifo_generator/gconvfifo.rf/grf.rf/gntv_or_sync_fifo.gl0.wr/gwdc1.w
dcext/Madd_wr_data_count_i_add0000_xor<10>" (XOR) removed.
  The signal
"FIFO/U0/xst_fifo_generator/gconvfifo.rf/grf.rf/gntv_or_sync_fifo.gl0.wr/gwdc1.w
dcext/wr_data_count_i_add0000<10>" is sourceless and has been removed.
   Sourceless block
"FIFO/U0/xst_fifo_generator/gconvfifo.rf/grf.rf/gntv_or_sync_fifo.gl0.wr/gwdc1.w
dcext/wr_data_count_i_10" (FF) removed.
 Sourceless block
"FIFO/U0/xst_fifo_generator/gconvfifo.rf/grf.rf/gntv_or_sync_fifo.gl0.wr/gwdc1.w
dcext/Madd_wr_data_count_i_add0000_cy<10>" (MUX) removed.
The signal
"FIFO/U0/xst_fifo_generator/gconvfifo.rf/grf.rf/gntv_or_sync_fifo.gl0.wr/gwdc1.w
dcext/Madd_wr_data_count_i_add0000_cy<10>_rt" is sourceless and has been
removed.
The signal
"FIFO/U0/xst_fifo_generator/gconvfifo.rf/grf.rf/gntv_or_sync_fifo.gl0.wr/gwdc1.w
dcext/Madd_wr_data_count_i_add0000_cy<8>" is sourceless and has been removed.
 Sourceless block
"FIFO/U0/xst_fifo_generator/gconvfifo.rf/grf.rf/gntv_or_sync_fifo.gl0.wr/gwdc1.w
dcext/Madd_wr_data_count_i_add0000_xor<9>" (XOR) removed.
  The signal
"FIFO/U0/xst_fifo_generator/gconvfifo.rf/grf.rf/gntv_or_sync_fifo.gl0.wr/gwdc1.w
dcext/wr_data_count_i_add0000<9>" is sourceless and has been removed.
   Sourceless block
"FIFO/U0/xst_fifo_generator/gconvfifo.rf/grf.rf/gntv_or_sync_fifo.gl0.wr/gwdc1.w
dcext/wr_data_count_i_9" (FF) removed.
 Sourceless block
"FIFO/U0/xst_fifo_generator/gconvfifo.rf/grf.rf/gntv_or_sync_fifo.gl0.wr/gwdc1.w
dcext/Madd_wr_data_count_i_add0000_cy<9>" (MUX) removed.
The signal
"FIFO/U0/xst_fifo_generator/gconvfifo.rf/grf.rf/gntv_or_sync_fifo.gl0.wr/gwdc1.w
dcext/Madd_wr_data_count_i_add0000_cy<9>_rt" is sourceless and has been removed.
The signal
"FIFO/U0/xst_fifo_generator/gconvfifo.rf/grf.rf/gntv_or_sync_fifo.gl0.wr/gwdc1.w
dcext/Madd_wr_data_count_i_add0000_cy<7>" is sourceless and has been removed.
 Sourceless block
"FIFO/U0/xst_fifo_generator/gconvfifo.rf/grf.rf/gntv_or_sync_fifo.gl0.wr/gwdc1.w
dcext/Madd_wr_data_count_i_add0000_xor<8>" (XOR) removed.
  The signal
"FIFO/U0/xst_fifo_generator/gconvfifo.rf/grf.rf/gntv_or_sync_fifo.gl0.wr/gwdc1.w
dcext/wr_data_count_i_add0000<8>" is sourceless and has been removed.
   Sourceless block
"FIFO/U0/xst_fifo_generator/gconvfifo.rf/grf.rf/gntv_or_sync_fifo.gl0.wr/gwdc1.w
dcext/wr_data_count_i_8" (FF) removed.
 Sourceless block
"FIFO/U0/xst_fifo_generator/gconvfifo.rf/grf.rf/gntv_or_sync_fifo.gl0.wr/gwdc1.w
dcext/Madd_wr_data_count_i_add0000_cy<8>" (MUX) removed.
The signal
"FIFO/U0/xst_fifo_generator/gconvfifo.rf/grf.rf/gntv_or_sync_fifo.gl0.wr/gwdc1.w
dcext/Madd_wr_data_count_i_add0000_cy<8>_rt" is sourceless and has been removed.
The signal
"FIFO/U0/xst_fifo_generator/gconvfifo.rf/grf.rf/gntv_or_sync_fifo.gl0.wr/gwdc1.w
dcext/Madd_wr_data_count_i_add0000_cy<6>" is sourceless and has been removed.
 Sourceless block
"FIFO/U0/xst_fifo_generator/gconvfifo.rf/grf.rf/gntv_or_sync_fifo.gl0.wr/gwdc1.w
dcext/Madd_wr_data_count_i_add0000_xor<7>" (XOR) removed.
  The signal
"FIFO/U0/xst_fifo_generator/gconvfifo.rf/grf.rf/gntv_or_sync_fifo.gl0.wr/gwdc1.w
dcext/wr_data_count_i_add0000<7>" is sourceless and has been removed.
   Sourceless block
"FIFO/U0/xst_fifo_generator/gconvfifo.rf/grf.rf/gntv_or_sync_fifo.gl0.wr/gwdc1.w
dcext/wr_data_count_i_7" (FF) removed.
 Sourceless block
"FIFO/U0/xst_fifo_generator/gconvfifo.rf/grf.rf/gntv_or_sync_fifo.gl0.wr/gwdc1.w
dcext/Madd_wr_data_count_i_add0000_cy<7>" (MUX) removed.
The signal
"FIFO/U0/xst_fifo_generator/gconvfifo.rf/grf.rf/gntv_or_sync_fifo.gl0.wr/gwdc1.w
dcext/Madd_wr_data_count_i_add0000_cy<7>_rt" is sourceless and has been removed.
The signal
"FIFO/U0/xst_fifo_generator/gconvfifo.rf/grf.rf/gntv_or_sync_fifo.gl0.wr/gwdc1.w
dcext/Madd_wr_data_count_i_add0000_cy<5>" is sourceless and has been removed.
 Sourceless block
"FIFO/U0/xst_fifo_generator/gconvfifo.rf/grf.rf/gntv_or_sync_fifo.gl0.wr/gwdc1.w
dcext/Madd_wr_data_count_i_add0000_xor<6>" (XOR) removed.
  The signal
"FIFO/U0/xst_fifo_generator/gconvfifo.rf/grf.rf/gntv_or_sync_fifo.gl0.wr/gwdc1.w
dcext/wr_data_count_i_add0000<6>" is sourceless and has been removed.
   Sourceless block
"FIFO/U0/xst_fifo_generator/gconvfifo.rf/grf.rf/gntv_or_sync_fifo.gl0.wr/gwdc1.w
dcext/wr_data_count_i_6" (FF) removed.
 Sourceless block
"FIFO/U0/xst_fifo_generator/gconvfifo.rf/grf.rf/gntv_or_sync_fifo.gl0.wr/gwdc1.w
dcext/Madd_wr_data_count_i_add0000_cy<6>" (MUX) removed.
The signal
"FIFO/U0/xst_fifo_generator/gconvfifo.rf/grf.rf/gntv_or_sync_fifo.gl0.wr/gwdc1.w
dcext/Madd_wr_data_count_i_add0000_cy<6>_rt" is sourceless and has been removed.
The signal
"FIFO/U0/xst_fifo_generator/gconvfifo.rf/grf.rf/gntv_or_sync_fifo.gl0.wr/gwdc1.w
dcext/Madd_wr_data_count_i_add0000_cy<4>" is sourceless and has been removed.
 Sourceless block
"FIFO/U0/xst_fifo_generator/gconvfifo.rf/grf.rf/gntv_or_sync_fifo.gl0.wr/gwdc1.w
dcext/Madd_wr_data_count_i_add0000_xor<5>" (XOR) removed.
  The signal
"FIFO/U0/xst_fifo_generator/gconvfifo.rf/grf.rf/gntv_or_sync_fifo.gl0.wr/gwdc1.w
dcext/wr_data_count_i_add0000<5>" is sourceless and has been removed.
   Sourceless block
"FIFO/U0/xst_fifo_generator/gconvfifo.rf/grf.rf/gntv_or_sync_fifo.gl0.wr/gwdc1.w
dcext/wr_data_count_i_5" (FF) removed.
 Sourceless block
"FIFO/U0/xst_fifo_generator/gconvfifo.rf/grf.rf/gntv_or_sync_fifo.gl0.wr/gwdc1.w
dcext/Madd_wr_data_count_i_add0000_cy<5>" (MUX) removed.
The signal
"FIFO/U0/xst_fifo_generator/gconvfifo.rf/grf.rf/gntv_or_sync_fifo.gl0.wr/gwdc1.w
dcext/Madd_wr_data_count_i_add0000_cy<5>_rt" is sourceless and has been removed.
The signal
"FIFO/U0/xst_fifo_generator/gconvfifo.rf/grf.rf/gntv_or_sync_fifo.gl0.wr/gwdc1.w
dcext/Madd_wr_data_count_i_add0000_cy<3>" is sourceless and has been removed.
 Sourceless block
"FIFO/U0/xst_fifo_generator/gconvfifo.rf/grf.rf/gntv_or_sync_fifo.gl0.wr/gwdc1.w
dcext/Madd_wr_data_count_i_add0000_xor<4>" (XOR) removed.
  The signal
"FIFO/U0/xst_fifo_generator/gconvfifo.rf/grf.rf/gntv_or_sync_fifo.gl0.wr/gwdc1.w
dcext/wr_data_count_i_add0000<4>" is sourceless and has been removed.
   Sourceless block
"FIFO/U0/xst_fifo_generator/gconvfifo.rf/grf.rf/gntv_or_sync_fifo.gl0.wr/gwdc1.w
dcext/wr_data_count_i_4" (FF) removed.
 Sourceless block
"FIFO/U0/xst_fifo_generator/gconvfifo.rf/grf.rf/gntv_or_sync_fifo.gl0.wr/gwdc1.w
dcext/Madd_wr_data_count_i_add0000_cy<4>" (MUX) removed.
The signal
"FIFO/U0/xst_fifo_generator/gconvfifo.rf/grf.rf/gntv_or_sync_fifo.gl0.wr/gwdc1.w
dcext/Madd_wr_data_count_i_add0000_cy<4>_rt" is sourceless and has been removed.
The signal
"FIFO/U0/xst_fifo_generator/gconvfifo.rf/grf.rf/gntv_or_sync_fifo.gl0.wr/gwdc1.w
dcext/Madd_wr_data_count_i_add0000_cy<2>" is sourceless and has been removed.
 Sourceless block
"FIFO/U0/xst_fifo_generator/gconvfifo.rf/grf.rf/gntv_or_sync_fifo.gl0.wr/gwdc1.w
dcext/Madd_wr_data_count_i_add0000_xor<3>" (XOR) removed.
  The signal
"FIFO/U0/xst_fifo_generator/gconvfifo.rf/grf.rf/gntv_or_sync_fifo.gl0.wr/gwdc1.w
dcext/wr_data_count_i_add0000<3>" is sourceless and has been removed.
   Sourceless block
"FIFO/U0/xst_fifo_generator/gconvfifo.rf/grf.rf/gntv_or_sync_fifo.gl0.wr/gwdc1.w
dcext/wr_data_count_i_3" (FF) removed.
 Sourceless block
"FIFO/U0/xst_fifo_generator/gconvfifo.rf/grf.rf/gntv_or_sync_fifo.gl0.wr/gwdc1.w
dcext/Madd_wr_data_count_i_add0000_cy<3>" (MUX) removed.
The signal
"FIFO/U0/xst_fifo_generator/gconvfifo.rf/grf.rf/gntv_or_sync_fifo.gl0.wr/gwdc1.w
dcext/Madd_wr_data_count_i_add0000_cy<3>_rt" is sourceless and has been removed.
The signal
"FIFO/U0/xst_fifo_generator/gconvfifo.rf/grf.rf/gntv_or_sync_fifo.gl0.wr/gwdc1.w
dcext/Madd_wr_data_count_i_add0000_cy<1>" is sourceless and has been removed.
 Sourceless block
"FIFO/U0/xst_fifo_generator/gconvfifo.rf/grf.rf/gntv_or_sync_fifo.gl0.wr/gwdc1.w
dcext/Madd_wr_data_count_i_add0000_xor<2>" (XOR) removed.
  The signal
"FIFO/U0/xst_fifo_generator/gconvfifo.rf/grf.rf/gntv_or_sync_fifo.gl0.wr/gwdc1.w
dcext/wr_data_count_i_add0000<2>" is sourceless and has been removed.
   Sourceless block
"FIFO/U0/xst_fifo_generator/gconvfifo.rf/grf.rf/gntv_or_sync_fifo.gl0.wr/gwdc1.w
dcext/wr_data_count_i_2" (FF) removed.
 Sourceless block
"FIFO/U0/xst_fifo_generator/gconvfifo.rf/grf.rf/gntv_or_sync_fifo.gl0.wr/gwdc1.w
dcext/Madd_wr_data_count_i_add0000_cy<2>" (MUX) removed.
The signal
"FIFO/U0/xst_fifo_generator/gconvfifo.rf/grf.rf/gntv_or_sync_fifo.gl0.wr/gwdc1.w
dcext/Madd_wr_data_count_i_add0000_cy<2>_rt" is sourceless and has been removed.
The signal
"FIFO/U0/xst_fifo_generator/gconvfifo.rf/grf.rf/gntv_or_sync_fifo.gl0.wr/gwdc1.w
dcext/Madd_wr_data_count_i_add0000_lut<1>" is sourceless and has been removed.
 Sourceless block
"FIFO/U0/xst_fifo_generator/gconvfifo.rf/grf.rf/gntv_or_sync_fifo.gl0.wr/gwdc1.w
dcext/Madd_wr_data_count_i_add0000_xor<1>" (XOR) removed.
  The signal
"FIFO/U0/xst_fifo_generator/gconvfifo.rf/grf.rf/gntv_or_sync_fifo.gl0.wr/gwdc1.w
dcext/wr_data_count_i_add0000<1>" is sourceless and has been removed.
   Sourceless block
"FIFO/U0/xst_fifo_generator/gconvfifo.rf/grf.rf/gntv_or_sync_fifo.gl0.wr/gwdc1.w
dcext/wr_data_count_i_1" (FF) removed.
 Sourceless block
"FIFO/U0/xst_fifo_generator/gconvfifo.rf/grf.rf/gntv_or_sync_fifo.gl0.wr/gwdc1.w
dcext/Madd_wr_data_count_i_add0000_cy<1>" (MUX) removed.
The signal
"FIFO/U0/xst_fifo_generator/gconvfifo.rf/grf.rf/gntv_or_sync_fifo.gl0.wr/gwdc1.w
dcext/Msub_diff_wr_rd_tmp_cy<11>" is sourceless and has been removed.
 Sourceless block
"FIFO/U0/xst_fifo_generator/gconvfifo.rf/grf.rf/gntv_or_sync_fifo.gl0.wr/gwdc1.w
dcext/Msub_diff_wr_rd_tmp_xor<12>" (XOR) removed.
  The signal
"FIFO/U0/xst_fifo_generator/gconvfifo.rf/grf.rf/gntv_or_sync_fifo.gl0.wr/gwdc1.w
dcext/diff_wr_rd_tmp<12>" is sourceless and has been removed.
   Sourceless block
"FIFO/U0/xst_fifo_generator/gconvfifo.rf/grf.rf/gntv_or_sync_fifo.gl0.wr/gwdc1.w
dcext/Madd_wr_data_count_i_add0000_cy<12>_rt" (ROM) removed.
The signal
"FIFO/U0/xst_fifo_generator/gconvfifo.rf/grf.rf/gntv_or_sync_fifo.gl0.wr/gwdc1.w
dcext/Msub_diff_wr_rd_tmp_lut<12>" is sourceless and has been removed.
The signal
"FIFO/U0/xst_fifo_generator/gconvfifo.rf/grf.rf/gntv_or_sync_fifo.gl0.wr/gwdc1.w
dcext/Msub_diff_wr_rd_tmp_cy<10>" is sourceless and has been removed.
 Sourceless block
"FIFO/U0/xst_fifo_generator/gconvfifo.rf/grf.rf/gntv_or_sync_fifo.gl0.wr/gwdc1.w
dcext/Msub_diff_wr_rd_tmp_xor<11>" (XOR) removed.
  The signal
"FIFO/U0/xst_fifo_generator/gconvfifo.rf/grf.rf/gntv_or_sync_fifo.gl0.wr/gwdc1.w
dcext/diff_wr_rd_tmp<11>" is sourceless and has been removed.
   Sourceless block
"FIFO/U0/xst_fifo_generator/gconvfifo.rf/grf.rf/gntv_or_sync_fifo.gl0.wr/gwdc1.w
dcext/Madd_wr_data_count_i_add0000_cy<11>_rt" (ROM) removed.
 Sourceless block
"FIFO/U0/xst_fifo_generator/gconvfifo.rf/grf.rf/gntv_or_sync_fifo.gl0.wr/gwdc1.w
dcext/Msub_diff_wr_rd_tmp_cy<11>" (MUX) removed.
The signal
"FIFO/U0/xst_fifo_generator/gconvfifo.rf/grf.rf/gntv_or_sync_fifo.gl0.wr/gwdc1.w
dcext/Msub_diff_wr_rd_tmp_lut<11>" is sourceless and has been removed.
The signal
"FIFO/U0/xst_fifo_generator/gconvfifo.rf/grf.rf/gntv_or_sync_fifo.gl0.wr/gwdc1.w
dcext/Msub_diff_wr_rd_tmp_cy<9>" is sourceless and has been removed.
 Sourceless block
"FIFO/U0/xst_fifo_generator/gconvfifo.rf/grf.rf/gntv_or_sync_fifo.gl0.wr/gwdc1.w
dcext/Msub_diff_wr_rd_tmp_xor<10>" (XOR) removed.
  The signal
"FIFO/U0/xst_fifo_generator/gconvfifo.rf/grf.rf/gntv_or_sync_fifo.gl0.wr/gwdc1.w
dcext/diff_wr_rd_tmp<10>" is sourceless and has been removed.
   Sourceless block
"FIFO/U0/xst_fifo_generator/gconvfifo.rf/grf.rf/gntv_or_sync_fifo.gl0.wr/gwdc1.w
dcext/Madd_wr_data_count_i_add0000_cy<10>_rt" (ROM) removed.
 Sourceless block
"FIFO/U0/xst_fifo_generator/gconvfifo.rf/grf.rf/gntv_or_sync_fifo.gl0.wr/gwdc1.w
dcext/Msub_diff_wr_rd_tmp_cy<10>" (MUX) removed.
The signal
"FIFO/U0/xst_fifo_generator/gconvfifo.rf/grf.rf/gntv_or_sync_fifo.gl0.wr/gwdc1.w
dcext/Msub_diff_wr_rd_tmp_lut<10>" is sourceless and has been removed.
The signal
"FIFO/U0/xst_fifo_generator/gconvfifo.rf/grf.rf/gntv_or_sync_fifo.gl0.wr/gwdc1.w
dcext/Msub_diff_wr_rd_tmp_cy<8>" is sourceless and has been removed.
 Sourceless block
"FIFO/U0/xst_fifo_generator/gconvfifo.rf/grf.rf/gntv_or_sync_fifo.gl0.wr/gwdc1.w
dcext/Msub_diff_wr_rd_tmp_xor<9>" (XOR) removed.
  The signal
"FIFO/U0/xst_fifo_generator/gconvfifo.rf/grf.rf/gntv_or_sync_fifo.gl0.wr/gwdc1.w
dcext/diff_wr_rd_tmp<9>" is sourceless and has been removed.
   Sourceless block
"FIFO/U0/xst_fifo_generator/gconvfifo.rf/grf.rf/gntv_or_sync_fifo.gl0.wr/gwdc1.w
dcext/Madd_wr_data_count_i_add0000_cy<9>_rt" (ROM) removed.
 Sourceless block
"FIFO/U0/xst_fifo_generator/gconvfifo.rf/grf.rf/gntv_or_sync_fifo.gl0.wr/gwdc1.w
dcext/Msub_diff_wr_rd_tmp_cy<9>" (MUX) removed.
The signal
"FIFO/U0/xst_fifo_generator/gconvfifo.rf/grf.rf/gntv_or_sync_fifo.gl0.wr/gwdc1.w
dcext/Msub_diff_wr_rd_tmp_lut<9>" is sourceless and has been removed.
The signal
"FIFO/U0/xst_fifo_generator/gconvfifo.rf/grf.rf/gntv_or_sync_fifo.gl0.wr/gwdc1.w
dcext/Msub_diff_wr_rd_tmp_cy<7>" is sourceless and has been removed.
 Sourceless block
"FIFO/U0/xst_fifo_generator/gconvfifo.rf/grf.rf/gntv_or_sync_fifo.gl0.wr/gwdc1.w
dcext/Msub_diff_wr_rd_tmp_xor<8>" (XOR) removed.
  The signal
"FIFO/U0/xst_fifo_generator/gconvfifo.rf/grf.rf/gntv_or_sync_fifo.gl0.wr/gwdc1.w
dcext/diff_wr_rd_tmp<8>" is sourceless and has been removed.
   Sourceless block
"FIFO/U0/xst_fifo_generator/gconvfifo.rf/grf.rf/gntv_or_sync_fifo.gl0.wr/gwdc1.w
dcext/Madd_wr_data_count_i_add0000_cy<8>_rt" (ROM) removed.
 Sourceless block
"FIFO/U0/xst_fifo_generator/gconvfifo.rf/grf.rf/gntv_or_sync_fifo.gl0.wr/gwdc1.w
dcext/Msub_diff_wr_rd_tmp_cy<8>" (MUX) removed.
The signal
"FIFO/U0/xst_fifo_generator/gconvfifo.rf/grf.rf/gntv_or_sync_fifo.gl0.wr/gwdc1.w
dcext/Msub_diff_wr_rd_tmp_lut<8>" is sourceless and has been removed.
The signal
"FIFO/U0/xst_fifo_generator/gconvfifo.rf/grf.rf/gntv_or_sync_fifo.gl0.wr/gwdc1.w
dcext/Msub_diff_wr_rd_tmp_cy<6>" is sourceless and has been removed.
 Sourceless block
"FIFO/U0/xst_fifo_generator/gconvfifo.rf/grf.rf/gntv_or_sync_fifo.gl0.wr/gwdc1.w
dcext/Msub_diff_wr_rd_tmp_xor<7>" (XOR) removed.
  The signal
"FIFO/U0/xst_fifo_generator/gconvfifo.rf/grf.rf/gntv_or_sync_fifo.gl0.wr/gwdc1.w
dcext/diff_wr_rd_tmp<7>" is sourceless and has been removed.
   Sourceless block
"FIFO/U0/xst_fifo_generator/gconvfifo.rf/grf.rf/gntv_or_sync_fifo.gl0.wr/gwdc1.w
dcext/Madd_wr_data_count_i_add0000_cy<7>_rt" (ROM) removed.
 Sourceless block
"FIFO/U0/xst_fifo_generator/gconvfifo.rf/grf.rf/gntv_or_sync_fifo.gl0.wr/gwdc1.w
dcext/Msub_diff_wr_rd_tmp_cy<7>" (MUX) removed.
The signal
"FIFO/U0/xst_fifo_generator/gconvfifo.rf/grf.rf/gntv_or_sync_fifo.gl0.wr/gwdc1.w
dcext/Msub_diff_wr_rd_tmp_lut<7>" is sourceless and has been removed.
The signal
"FIFO/U0/xst_fifo_generator/gconvfifo.rf/grf.rf/gntv_or_sync_fifo.gl0.wr/gwdc1.w
dcext/Msub_diff_wr_rd_tmp_cy<5>" is sourceless and has been removed.
 Sourceless block
"FIFO/U0/xst_fifo_generator/gconvfifo.rf/grf.rf/gntv_or_sync_fifo.gl0.wr/gwdc1.w
dcext/Msub_diff_wr_rd_tmp_xor<6>" (XOR) removed.
  The signal
"FIFO/U0/xst_fifo_generator/gconvfifo.rf/grf.rf/gntv_or_sync_fifo.gl0.wr/gwdc1.w
dcext/diff_wr_rd_tmp<6>" is sourceless and has been removed.
   Sourceless block
"FIFO/U0/xst_fifo_generator/gconvfifo.rf/grf.rf/gntv_or_sync_fifo.gl0.wr/gwdc1.w
dcext/Madd_wr_data_count_i_add0000_cy<6>_rt" (ROM) removed.
 Sourceless block
"FIFO/U0/xst_fifo_generator/gconvfifo.rf/grf.rf/gntv_or_sync_fifo.gl0.wr/gwdc1.w
dcext/Msub_diff_wr_rd_tmp_cy<6>" (MUX) removed.
The signal
"FIFO/U0/xst_fifo_generator/gconvfifo.rf/grf.rf/gntv_or_sync_fifo.gl0.wr/gwdc1.w
dcext/Msub_diff_wr_rd_tmp_lut<6>" is sourceless and has been removed.
The signal
"FIFO/U0/xst_fifo_generator/gconvfifo.rf/grf.rf/gntv_or_sync_fifo.gl0.wr/gwdc1.w
dcext/Msub_diff_wr_rd_tmp_cy<4>" is sourceless and has been removed.
 Sourceless block
"FIFO/U0/xst_fifo_generator/gconvfifo.rf/grf.rf/gntv_or_sync_fifo.gl0.wr/gwdc1.w
dcext/Msub_diff_wr_rd_tmp_xor<5>" (XOR) removed.
  The signal
"FIFO/U0/xst_fifo_generator/gconvfifo.rf/grf.rf/gntv_or_sync_fifo.gl0.wr/gwdc1.w
dcext/diff_wr_rd_tmp<5>" is sourceless and has been removed.
   Sourceless block
"FIFO/U0/xst_fifo_generator/gconvfifo.rf/grf.rf/gntv_or_sync_fifo.gl0.wr/gwdc1.w
dcext/Madd_wr_data_count_i_add0000_cy<5>_rt" (ROM) removed.
 Sourceless block
"FIFO/U0/xst_fifo_generator/gconvfifo.rf/grf.rf/gntv_or_sync_fifo.gl0.wr/gwdc1.w
dcext/Msub_diff_wr_rd_tmp_cy<5>" (MUX) removed.
The signal
"FIFO/U0/xst_fifo_generator/gconvfifo.rf/grf.rf/gntv_or_sync_fifo.gl0.wr/gwdc1.w
dcext/Msub_diff_wr_rd_tmp_lut<5>" is sourceless and has been removed.
The signal
"FIFO/U0/xst_fifo_generator/gconvfifo.rf/grf.rf/gntv_or_sync_fifo.gl0.wr/gwdc1.w
dcext/Msub_diff_wr_rd_tmp_cy<3>" is sourceless and has been removed.
 Sourceless block
"FIFO/U0/xst_fifo_generator/gconvfifo.rf/grf.rf/gntv_or_sync_fifo.gl0.wr/gwdc1.w
dcext/Msub_diff_wr_rd_tmp_xor<4>" (XOR) removed.
  The signal
"FIFO/U0/xst_fifo_generator/gconvfifo.rf/grf.rf/gntv_or_sync_fifo.gl0.wr/gwdc1.w
dcext/diff_wr_rd_tmp<4>" is sourceless and has been removed.
   Sourceless block
"FIFO/U0/xst_fifo_generator/gconvfifo.rf/grf.rf/gntv_or_sync_fifo.gl0.wr/gwdc1.w
dcext/Madd_wr_data_count_i_add0000_cy<4>_rt" (ROM) removed.
 Sourceless block
"FIFO/U0/xst_fifo_generator/gconvfifo.rf/grf.rf/gntv_or_sync_fifo.gl0.wr/gwdc1.w
dcext/Msub_diff_wr_rd_tmp_cy<4>" (MUX) removed.
The signal
"FIFO/U0/xst_fifo_generator/gconvfifo.rf/grf.rf/gntv_or_sync_fifo.gl0.wr/gwdc1.w
dcext/Msub_diff_wr_rd_tmp_lut<4>" is sourceless and has been removed.
The signal
"FIFO/U0/xst_fifo_generator/gconvfifo.rf/grf.rf/gntv_or_sync_fifo.gl0.wr/gwdc1.w
dcext/Msub_diff_wr_rd_tmp_cy<2>" is sourceless and has been removed.
 Sourceless block
"FIFO/U0/xst_fifo_generator/gconvfifo.rf/grf.rf/gntv_or_sync_fifo.gl0.wr/gwdc1.w
dcext/Msub_diff_wr_rd_tmp_xor<3>" (XOR) removed.
  The signal
"FIFO/U0/xst_fifo_generator/gconvfifo.rf/grf.rf/gntv_or_sync_fifo.gl0.wr/gwdc1.w
dcext/diff_wr_rd_tmp<3>" is sourceless and has been removed.
   Sourceless block
"FIFO/U0/xst_fifo_generator/gconvfifo.rf/grf.rf/gntv_or_sync_fifo.gl0.wr/gwdc1.w
dcext/Madd_wr_data_count_i_add0000_cy<3>_rt" (ROM) removed.
 Sourceless block
"FIFO/U0/xst_fifo_generator/gconvfifo.rf/grf.rf/gntv_or_sync_fifo.gl0.wr/gwdc1.w
dcext/Msub_diff_wr_rd_tmp_cy<3>" (MUX) removed.
The signal
"FIFO/U0/xst_fifo_generator/gconvfifo.rf/grf.rf/gntv_or_sync_fifo.gl0.wr/gwdc1.w
dcext/Msub_diff_wr_rd_tmp_lut<3>" is sourceless and has been removed.
The signal
"FIFO/U0/xst_fifo_generator/gconvfifo.rf/grf.rf/gntv_or_sync_fifo.gl0.wr/gwdc1.w
dcext/Msub_diff_wr_rd_tmp_cy<1>" is sourceless and has been removed.
 Sourceless block
"FIFO/U0/xst_fifo_generator/gconvfifo.rf/grf.rf/gntv_or_sync_fifo.gl0.wr/gwdc1.w
dcext/Msub_diff_wr_rd_tmp_xor<2>" (XOR) removed.
  The signal
"FIFO/U0/xst_fifo_generator/gconvfifo.rf/grf.rf/gntv_or_sync_fifo.gl0.wr/gwdc1.w
dcext/diff_wr_rd_tmp<2>" is sourceless and has been removed.
   Sourceless block
"FIFO/U0/xst_fifo_generator/gconvfifo.rf/grf.rf/gntv_or_sync_fifo.gl0.wr/gwdc1.w
dcext/Madd_wr_data_count_i_add0000_cy<2>_rt" (ROM) removed.
 Sourceless block
"FIFO/U0/xst_fifo_generator/gconvfifo.rf/grf.rf/gntv_or_sync_fifo.gl0.wr/gwdc1.w
dcext/Msub_diff_wr_rd_tmp_cy<2>" (MUX) removed.
The signal
"FIFO/U0/xst_fifo_generator/gconvfifo.rf/grf.rf/gntv_or_sync_fifo.gl0.wr/gwdc1.w
dcext/Msub_diff_wr_rd_tmp_lut<2>" is sourceless and has been removed.
The signal
"FIFO/U0/xst_fifo_generator/gconvfifo.rf/grf.rf/gntv_or_sync_fifo.gl0.wr/gwdc1.w
dcext/Msub_diff_wr_rd_tmp_cy<0>" is sourceless and has been removed.
 Sourceless block
"FIFO/U0/xst_fifo_generator/gconvfifo.rf/grf.rf/gntv_or_sync_fifo.gl0.wr/gwdc1.w
dcext/Msub_diff_wr_rd_tmp_xor<1>" (XOR) removed.
  The signal
"FIFO/U0/xst_fifo_generator/gconvfifo.rf/grf.rf/gntv_or_sync_fifo.gl0.wr/gwdc1.w
dcext/diff_wr_rd_tmp<1>" is sourceless and has been removed.
   Sourceless block
"FIFO/U0/xst_fifo_generator/gconvfifo.rf/grf.rf/gntv_or_sync_fifo.gl0.wr/gwdc1.w
dcext/Madd_wr_data_count_i_add0000_lut<1>_INV_0" (BUF) removed.
 Sourceless block
"FIFO/U0/xst_fifo_generator/gconvfifo.rf/grf.rf/gntv_or_sync_fifo.gl0.wr/gwdc1.w
dcext/Msub_diff_wr_rd_tmp_cy<1>" (MUX) removed.
The signal
"FIFO/U0/xst_fifo_generator/gconvfifo.rf/grf.rf/gntv_or_sync_fifo.gl0.wr/gwdc1.w
dcext/Msub_diff_wr_rd_tmp_lut<1>" is sourceless and has been removed.
The signal
"FIFO/U0/xst_fifo_generator/gconvfifo.rf/grf.rf/gntv_or_sync_fifo.gl0.wr/gwdc1.w
dcext/Msub_diff_wr_rd_tmp_lut<0>" is sourceless and has been removed.
 Sourceless block
"FIFO/U0/xst_fifo_generator/gconvfifo.rf/grf.rf/gntv_or_sync_fifo.gl0.wr/gwdc1.w
dcext/Msub_diff_wr_rd_tmp_xor<0>" (XOR) removed.
  The signal
"FIFO/U0/xst_fifo_generator/gconvfifo.rf/grf.rf/gntv_or_sync_fifo.gl0.wr/gwdc1.w
dcext/diff_wr_rd_tmp<0>" is sourceless and has been removed.
   Sourceless block
"FIFO/U0/xst_fifo_generator/gconvfifo.rf/grf.rf/gntv_or_sync_fifo.gl0.wr/gwdc1.w
dcext/wr_data_count_i_0" (FF) removed.
 Sourceless block
"FIFO/U0/xst_fifo_generator/gconvfifo.rf/grf.rf/gntv_or_sync_fifo.gl0.wr/gwdc1.w
dcext/Msub_diff_wr_rd_tmp_cy<0>" (MUX) removed.
The signal
"FIFO/U0/xst_fifo_generator/gconvfifo.rf/grf.rf/gntv_or_sync_fifo.gl0.rd/gr1.grd
c2.rdc/Madd_rd_dc_i_addsub0000_cy<11>" is sourceless and has been removed.
 Sourceless block
"FIFO/U0/xst_fifo_generator/gconvfifo.rf/grf.rf/gntv_or_sync_fifo.gl0.rd/gr1.grd
c2.rdc/Madd_rd_dc_i_addsub0000_xor<12>" (XOR) removed.
  The signal
"FIFO/U0/xst_fifo_generator/gconvfifo.rf/grf.rf/gntv_or_sync_fifo.gl0.rd/gr1.grd
c2.rdc/rd_dc_i_addsub0000<12>" is sourceless and has been removed.
 Sourceless block
"FIFO/U0/xst_fifo_generator/gconvfifo.rf/grf.rf/gntv_or_sync_fifo.gl0.rd/gr1.grd
c2.rdc/Madd_rd_dc_i_addsub0000_cy<12>" (MUX) removed.
  The signal
"FIFO/U0/xst_fifo_generator/gconvfifo.rf/grf.rf/gntv_or_sync_fifo.gl0.rd/gr1.grd
c2.rdc/Madd_rd_dc_i_addsub0000_cy<12>" is sourceless and has been removed.
The signal
"FIFO/U0/xst_fifo_generator/gconvfifo.rf/grf.rf/gntv_or_sync_fifo.gl0.rd/gr1.grd
c2.rdc/Madd_rd_dc_i_addsub0000_cy<12>_rt" is sourceless and has been removed.
The signal
"FIFO/U0/xst_fifo_generator/gconvfifo.rf/grf.rf/gntv_or_sync_fifo.gl0.rd/gr1.grd
c2.rdc/Madd_rd_dc_i_addsub0000_cy<10>" is sourceless and has been removed.
 Sourceless block
"FIFO/U0/xst_fifo_generator/gconvfifo.rf/grf.rf/gntv_or_sync_fifo.gl0.rd/gr1.grd
c2.rdc/Madd_rd_dc_i_addsub0000_xor<11>" (XOR) removed.
  The signal
"FIFO/U0/xst_fifo_generator/gconvfifo.rf/grf.rf/gntv_or_sync_fifo.gl0.rd/gr1.grd
c2.rdc/rd_dc_i_addsub0000<11>" is sourceless and has been removed.
 Sourceless block
"FIFO/U0/xst_fifo_generator/gconvfifo.rf/grf.rf/gntv_or_sync_fifo.gl0.rd/gr1.grd
c2.rdc/Madd_rd_dc_i_addsub0000_cy<11>" (MUX) removed.
The signal
"FIFO/U0/xst_fifo_generator/gconvfifo.rf/grf.rf/gntv_or_sync_fifo.gl0.rd/gr1.grd
c2.rdc/Madd_rd_dc_i_addsub0000_cy<11>_rt" is sourceless and has been removed.
The signal
"FIFO/U0/xst_fifo_generator/gconvfifo.rf/grf.rf/gntv_or_sync_fifo.gl0.rd/gr1.grd
c2.rdc/Madd_rd_dc_i_addsub0000_cy<9>" is sourceless and has been removed.
 Sourceless block
"FIFO/U0/xst_fifo_generator/gconvfifo.rf/grf.rf/gntv_or_sync_fifo.gl0.rd/gr1.grd
c2.rdc/Madd_rd_dc_i_addsub0000_xor<10>" (XOR) removed.
  The signal
"FIFO/U0/xst_fifo_generator/gconvfifo.rf/grf.rf/gntv_or_sync_fifo.gl0.rd/gr1.grd
c2.rdc/rd_dc_i_addsub0000<10>" is sourceless and has been removed.
 Sourceless block
"FIFO/U0/xst_fifo_generator/gconvfifo.rf/grf.rf/gntv_or_sync_fifo.gl0.rd/gr1.grd
c2.rdc/Madd_rd_dc_i_addsub0000_cy<10>" (MUX) removed.
The signal
"FIFO/U0/xst_fifo_generator/gconvfifo.rf/grf.rf/gntv_or_sync_fifo.gl0.rd/gr1.grd
c2.rdc/Madd_rd_dc_i_addsub0000_cy<10>_rt" is sourceless and has been removed.
The signal
"FIFO/U0/xst_fifo_generator/gconvfifo.rf/grf.rf/gntv_or_sync_fifo.gl0.rd/gr1.grd
c2.rdc/Madd_rd_dc_i_addsub0000_cy<8>" is sourceless and has been removed.
 Sourceless block
"FIFO/U0/xst_fifo_generator/gconvfifo.rf/grf.rf/gntv_or_sync_fifo.gl0.rd/gr1.grd
c2.rdc/Madd_rd_dc_i_addsub0000_xor<9>" (XOR) removed.
  The signal
"FIFO/U0/xst_fifo_generator/gconvfifo.rf/grf.rf/gntv_or_sync_fifo.gl0.rd/gr1.grd
c2.rdc/rd_dc_i_addsub0000<9>" is sourceless and has been removed.
 Sourceless block
"FIFO/U0/xst_fifo_generator/gconvfifo.rf/grf.rf/gntv_or_sync_fifo.gl0.rd/gr1.grd
c2.rdc/Madd_rd_dc_i_addsub0000_cy<9>" (MUX) removed.
The signal
"FIFO/U0/xst_fifo_generator/gconvfifo.rf/grf.rf/gntv_or_sync_fifo.gl0.rd/gr1.grd
c2.rdc/Madd_rd_dc_i_addsub0000_cy<9>_rt" is sourceless and has been removed.
The signal
"FIFO/U0/xst_fifo_generator/gconvfifo.rf/grf.rf/gntv_or_sync_fifo.gl0.rd/gr1.grd
c2.rdc/Madd_rd_dc_i_addsub0000_cy<7>" is sourceless and has been removed.
 Sourceless block
"FIFO/U0/xst_fifo_generator/gconvfifo.rf/grf.rf/gntv_or_sync_fifo.gl0.rd/gr1.grd
c2.rdc/Madd_rd_dc_i_addsub0000_xor<8>" (XOR) removed.
  The signal
"FIFO/U0/xst_fifo_generator/gconvfifo.rf/grf.rf/gntv_or_sync_fifo.gl0.rd/gr1.grd
c2.rdc/rd_dc_i_addsub0000<8>" is sourceless and has been removed.
 Sourceless block
"FIFO/U0/xst_fifo_generator/gconvfifo.rf/grf.rf/gntv_or_sync_fifo.gl0.rd/gr1.grd
c2.rdc/Madd_rd_dc_i_addsub0000_cy<8>" (MUX) removed.
The signal
"FIFO/U0/xst_fifo_generator/gconvfifo.rf/grf.rf/gntv_or_sync_fifo.gl0.rd/gr1.grd
c2.rdc/Madd_rd_dc_i_addsub0000_cy<8>_rt" is sourceless and has been removed.
The signal
"FIFO/U0/xst_fifo_generator/gconvfifo.rf/grf.rf/gntv_or_sync_fifo.gl0.rd/gr1.grd
c2.rdc/Madd_rd_dc_i_addsub0000_cy<6>" is sourceless and has been removed.
 Sourceless block
"FIFO/U0/xst_fifo_generator/gconvfifo.rf/grf.rf/gntv_or_sync_fifo.gl0.rd/gr1.grd
c2.rdc/Madd_rd_dc_i_addsub0000_xor<7>" (XOR) removed.
  The signal
"FIFO/U0/xst_fifo_generator/gconvfifo.rf/grf.rf/gntv_or_sync_fifo.gl0.rd/gr1.grd
c2.rdc/rd_dc_i_addsub0000<7>" is sourceless and has been removed.
 Sourceless block
"FIFO/U0/xst_fifo_generator/gconvfifo.rf/grf.rf/gntv_or_sync_fifo.gl0.rd/gr1.grd
c2.rdc/Madd_rd_dc_i_addsub0000_cy<7>" (MUX) removed.
The signal
"FIFO/U0/xst_fifo_generator/gconvfifo.rf/grf.rf/gntv_or_sync_fifo.gl0.rd/gr1.grd
c2.rdc/Madd_rd_dc_i_addsub0000_cy<7>_rt" is sourceless and has been removed.
The signal
"FIFO/U0/xst_fifo_generator/gconvfifo.rf/grf.rf/gntv_or_sync_fifo.gl0.rd/gr1.grd
c2.rdc/Madd_rd_dc_i_addsub0000_cy<5>" is sourceless and has been removed.
 Sourceless block
"FIFO/U0/xst_fifo_generator/gconvfifo.rf/grf.rf/gntv_or_sync_fifo.gl0.rd/gr1.grd
c2.rdc/Madd_rd_dc_i_addsub0000_xor<6>" (XOR) removed.
  The signal
"FIFO/U0/xst_fifo_generator/gconvfifo.rf/grf.rf/gntv_or_sync_fifo.gl0.rd/gr1.grd
c2.rdc/rd_dc_i_addsub0000<6>" is sourceless and has been removed.
 Sourceless block
"FIFO/U0/xst_fifo_generator/gconvfifo.rf/grf.rf/gntv_or_sync_fifo.gl0.rd/gr1.grd
c2.rdc/Madd_rd_dc_i_addsub0000_cy<6>" (MUX) removed.
The signal
"FIFO/U0/xst_fifo_generator/gconvfifo.rf/grf.rf/gntv_or_sync_fifo.gl0.rd/gr1.grd
c2.rdc/Madd_rd_dc_i_addsub0000_cy<6>_rt" is sourceless and has been removed.
The signal
"FIFO/U0/xst_fifo_generator/gconvfifo.rf/grf.rf/gntv_or_sync_fifo.gl0.rd/gr1.grd
c2.rdc/Madd_rd_dc_i_addsub0000_cy<4>" is sourceless and has been removed.
 Sourceless block
"FIFO/U0/xst_fifo_generator/gconvfifo.rf/grf.rf/gntv_or_sync_fifo.gl0.rd/gr1.grd
c2.rdc/Madd_rd_dc_i_addsub0000_xor<5>" (XOR) removed.
  The signal
"FIFO/U0/xst_fifo_generator/gconvfifo.rf/grf.rf/gntv_or_sync_fifo.gl0.rd/gr1.grd
c2.rdc/rd_dc_i_addsub0000<5>" is sourceless and has been removed.
 Sourceless block
"FIFO/U0/xst_fifo_generator/gconvfifo.rf/grf.rf/gntv_or_sync_fifo.gl0.rd/gr1.grd
c2.rdc/Madd_rd_dc_i_addsub0000_cy<5>" (MUX) removed.
The signal
"FIFO/U0/xst_fifo_generator/gconvfifo.rf/grf.rf/gntv_or_sync_fifo.gl0.rd/gr1.grd
c2.rdc/Madd_rd_dc_i_addsub0000_cy<5>_rt" is sourceless and has been removed.
The signal
"FIFO/U0/xst_fifo_generator/gconvfifo.rf/grf.rf/gntv_or_sync_fifo.gl0.rd/gr1.grd
c2.rdc/Madd_rd_dc_i_addsub0000_cy<3>" is sourceless and has been removed.
 Sourceless block
"FIFO/U0/xst_fifo_generator/gconvfifo.rf/grf.rf/gntv_or_sync_fifo.gl0.rd/gr1.grd
c2.rdc/Madd_rd_dc_i_addsub0000_xor<4>" (XOR) removed.
  The signal
"FIFO/U0/xst_fifo_generator/gconvfifo.rf/grf.rf/gntv_or_sync_fifo.gl0.rd/gr1.grd
c2.rdc/rd_dc_i_addsub0000<4>" is sourceless and has been removed.
 Sourceless block
"FIFO/U0/xst_fifo_generator/gconvfifo.rf/grf.rf/gntv_or_sync_fifo.gl0.rd/gr1.grd
c2.rdc/Madd_rd_dc_i_addsub0000_cy<4>" (MUX) removed.
The signal
"FIFO/U0/xst_fifo_generator/gconvfifo.rf/grf.rf/gntv_or_sync_fifo.gl0.rd/gr1.grd
c2.rdc/Madd_rd_dc_i_addsub0000_cy<4>_rt" is sourceless and has been removed.
The signal
"FIFO/U0/xst_fifo_generator/gconvfifo.rf/grf.rf/gntv_or_sync_fifo.gl0.rd/gr1.grd
c2.rdc/Madd_rd_dc_i_addsub0000_cy<2>" is sourceless and has been removed.
 Sourceless block
"FIFO/U0/xst_fifo_generator/gconvfifo.rf/grf.rf/gntv_or_sync_fifo.gl0.rd/gr1.grd
c2.rdc/Madd_rd_dc_i_addsub0000_xor<3>" (XOR) removed.
  The signal
"FIFO/U0/xst_fifo_generator/gconvfifo.rf/grf.rf/gntv_or_sync_fifo.gl0.rd/gr1.grd
c2.rdc/rd_dc_i_addsub0000<3>" is sourceless and has been removed.
 Sourceless block
"FIFO/U0/xst_fifo_generator/gconvfifo.rf/grf.rf/gntv_or_sync_fifo.gl0.rd/gr1.grd
c2.rdc/Madd_rd_dc_i_addsub0000_cy<3>" (MUX) removed.
The signal
"FIFO/U0/xst_fifo_generator/gconvfifo.rf/grf.rf/gntv_or_sync_fifo.gl0.rd/gr1.grd
c2.rdc/Madd_rd_dc_i_addsub0000_cy<3>_rt" is sourceless and has been removed.
The signal
"FIFO/U0/xst_fifo_generator/gconvfifo.rf/grf.rf/gntv_or_sync_fifo.gl0.rd/gr1.grd
c2.rdc/Madd_rd_dc_i_addsub0000_cy<1>" is sourceless and has been removed.
 Sourceless block
"FIFO/U0/xst_fifo_generator/gconvfifo.rf/grf.rf/gntv_or_sync_fifo.gl0.rd/gr1.grd
c2.rdc/Madd_rd_dc_i_addsub0000_xor<2>" (XOR) removed.
  The signal
"FIFO/U0/xst_fifo_generator/gconvfifo.rf/grf.rf/gntv_or_sync_fifo.gl0.rd/gr1.grd
c2.rdc/rd_dc_i_addsub0000<2>" is sourceless and has been removed.
 Sourceless block
"FIFO/U0/xst_fifo_generator/gconvfifo.rf/grf.rf/gntv_or_sync_fifo.gl0.rd/gr1.grd
c2.rdc/Madd_rd_dc_i_addsub0000_cy<2>" (MUX) removed.
The signal
"FIFO/U0/xst_fifo_generator/gconvfifo.rf/grf.rf/gntv_or_sync_fifo.gl0.rd/gr1.grd
c2.rdc/Madd_rd_dc_i_addsub0000_cy<2>_rt" is sourceless and has been removed.
The signal
"FIFO/U0/xst_fifo_generator/gconvfifo.rf/grf.rf/gntv_or_sync_fifo.gl0.rd/gr1.grd
c2.rdc/Madd_rd_dc_i_addsub0000_lut<1>" is sourceless and has been removed.
 Sourceless block
"FIFO/U0/xst_fifo_generator/gconvfifo.rf/grf.rf/gntv_or_sync_fifo.gl0.rd/gr1.grd
c2.rdc/Madd_rd_dc_i_addsub0000_xor<1>" (XOR) removed.
  The signal
"FIFO/U0/xst_fifo_generator/gconvfifo.rf/grf.rf/gntv_or_sync_fifo.gl0.rd/gr1.grd
c2.rdc/rd_dc_i_addsub0000<1>" is sourceless and has been removed.
 Sourceless block
"FIFO/U0/xst_fifo_generator/gconvfifo.rf/grf.rf/gntv_or_sync_fifo.gl0.rd/gr1.grd
c2.rdc/Madd_rd_dc_i_addsub0000_cy<1>" (MUX) removed.
The signal
"FIFO/U0/xst_fifo_generator/gconvfifo.rf/grf.rf/gntv_or_sync_fifo.gl0.rd/gr1.grd
c2.rdc/Msub_diff_wr_rd_tmp_cy<11>" is sourceless and has been removed.
 Sourceless block
"FIFO/U0/xst_fifo_generator/gconvfifo.rf/grf.rf/gntv_or_sync_fifo.gl0.rd/gr1.grd
c2.rdc/Msub_diff_wr_rd_tmp_xor<12>" (XOR) removed.
  The signal
"FIFO/U0/xst_fifo_generator/gconvfifo.rf/grf.rf/gntv_or_sync_fifo.gl0.rd/gr1.grd
c2.rdc/diff_wr_rd_tmp<12>" is sourceless and has been removed.
   Sourceless block
"FIFO/U0/xst_fifo_generator/gconvfifo.rf/grf.rf/gntv_or_sync_fifo.gl0.rd/gr1.grd
c2.rdc/Madd_rd_dc_i_addsub0000_cy<12>_rt" (ROM) removed.
The signal
"FIFO/U0/xst_fifo_generator/gconvfifo.rf/grf.rf/gntv_or_sync_fifo.gl0.rd/gr1.grd
c2.rdc/Msub_diff_wr_rd_tmp_lut<12>" is sourceless and has been removed.
The signal
"FIFO/U0/xst_fifo_generator/gconvfifo.rf/grf.rf/gntv_or_sync_fifo.gl0.rd/gr1.grd
c2.rdc/Msub_diff_wr_rd_tmp_cy<10>" is sourceless and has been removed.
 Sourceless block
"FIFO/U0/xst_fifo_generator/gconvfifo.rf/grf.rf/gntv_or_sync_fifo.gl0.rd/gr1.grd
c2.rdc/Msub_diff_wr_rd_tmp_xor<11>" (XOR) removed.
  The signal
"FIFO/U0/xst_fifo_generator/gconvfifo.rf/grf.rf/gntv_or_sync_fifo.gl0.rd/gr1.grd
c2.rdc/diff_wr_rd_tmp<11>" is sourceless and has been removed.
   Sourceless block
"FIFO/U0/xst_fifo_generator/gconvfifo.rf/grf.rf/gntv_or_sync_fifo.gl0.rd/gr1.grd
c2.rdc/Madd_rd_dc_i_addsub0000_cy<11>_rt" (ROM) removed.
 Sourceless block
"FIFO/U0/xst_fifo_generator/gconvfifo.rf/grf.rf/gntv_or_sync_fifo.gl0.rd/gr1.grd
c2.rdc/Msub_diff_wr_rd_tmp_cy<11>" (MUX) removed.
The signal
"FIFO/U0/xst_fifo_generator/gconvfifo.rf/grf.rf/gntv_or_sync_fifo.gl0.rd/gr1.grd
c2.rdc/Msub_diff_wr_rd_tmp_lut<11>" is sourceless and has been removed.
The signal
"FIFO/U0/xst_fifo_generator/gconvfifo.rf/grf.rf/gntv_or_sync_fifo.gl0.rd/gr1.grd
c2.rdc/Msub_diff_wr_rd_tmp_cy<9>" is sourceless and has been removed.
 Sourceless block
"FIFO/U0/xst_fifo_generator/gconvfifo.rf/grf.rf/gntv_or_sync_fifo.gl0.rd/gr1.grd
c2.rdc/Msub_diff_wr_rd_tmp_xor<10>" (XOR) removed.
  The signal
"FIFO/U0/xst_fifo_generator/gconvfifo.rf/grf.rf/gntv_or_sync_fifo.gl0.rd/gr1.grd
c2.rdc/diff_wr_rd_tmp<10>" is sourceless and has been removed.
   Sourceless block
"FIFO/U0/xst_fifo_generator/gconvfifo.rf/grf.rf/gntv_or_sync_fifo.gl0.rd/gr1.grd
c2.rdc/Madd_rd_dc_i_addsub0000_cy<10>_rt" (ROM) removed.
 Sourceless block
"FIFO/U0/xst_fifo_generator/gconvfifo.rf/grf.rf/gntv_or_sync_fifo.gl0.rd/gr1.grd
c2.rdc/Msub_diff_wr_rd_tmp_cy<10>" (MUX) removed.
The signal
"FIFO/U0/xst_fifo_generator/gconvfifo.rf/grf.rf/gntv_or_sync_fifo.gl0.rd/gr1.grd
c2.rdc/Msub_diff_wr_rd_tmp_lut<10>" is sourceless and has been removed.
The signal
"FIFO/U0/xst_fifo_generator/gconvfifo.rf/grf.rf/gntv_or_sync_fifo.gl0.rd/gr1.grd
c2.rdc/Msub_diff_wr_rd_tmp_cy<8>" is sourceless and has been removed.
 Sourceless block
"FIFO/U0/xst_fifo_generator/gconvfifo.rf/grf.rf/gntv_or_sync_fifo.gl0.rd/gr1.grd
c2.rdc/Msub_diff_wr_rd_tmp_xor<9>" (XOR) removed.
  The signal
"FIFO/U0/xst_fifo_generator/gconvfifo.rf/grf.rf/gntv_or_sync_fifo.gl0.rd/gr1.grd
c2.rdc/diff_wr_rd_tmp<9>" is sourceless and has been removed.
   Sourceless block
"FIFO/U0/xst_fifo_generator/gconvfifo.rf/grf.rf/gntv_or_sync_fifo.gl0.rd/gr1.grd
c2.rdc/Madd_rd_dc_i_addsub0000_cy<9>_rt" (ROM) removed.
 Sourceless block
"FIFO/U0/xst_fifo_generator/gconvfifo.rf/grf.rf/gntv_or_sync_fifo.gl0.rd/gr1.grd
c2.rdc/Msub_diff_wr_rd_tmp_cy<9>" (MUX) removed.
The signal
"FIFO/U0/xst_fifo_generator/gconvfifo.rf/grf.rf/gntv_or_sync_fifo.gl0.rd/gr1.grd
c2.rdc/Msub_diff_wr_rd_tmp_lut<9>" is sourceless and has been removed.
The signal
"FIFO/U0/xst_fifo_generator/gconvfifo.rf/grf.rf/gntv_or_sync_fifo.gl0.rd/gr1.grd
c2.rdc/Msub_diff_wr_rd_tmp_cy<7>" is sourceless and has been removed.
 Sourceless block
"FIFO/U0/xst_fifo_generator/gconvfifo.rf/grf.rf/gntv_or_sync_fifo.gl0.rd/gr1.grd
c2.rdc/Msub_diff_wr_rd_tmp_xor<8>" (XOR) removed.
  The signal
"FIFO/U0/xst_fifo_generator/gconvfifo.rf/grf.rf/gntv_or_sync_fifo.gl0.rd/gr1.grd
c2.rdc/diff_wr_rd_tmp<8>" is sourceless and has been removed.
   Sourceless block
"FIFO/U0/xst_fifo_generator/gconvfifo.rf/grf.rf/gntv_or_sync_fifo.gl0.rd/gr1.grd
c2.rdc/Madd_rd_dc_i_addsub0000_cy<8>_rt" (ROM) removed.
 Sourceless block
"FIFO/U0/xst_fifo_generator/gconvfifo.rf/grf.rf/gntv_or_sync_fifo.gl0.rd/gr1.grd
c2.rdc/Msub_diff_wr_rd_tmp_cy<8>" (MUX) removed.
The signal
"FIFO/U0/xst_fifo_generator/gconvfifo.rf/grf.rf/gntv_or_sync_fifo.gl0.rd/gr1.grd
c2.rdc/Msub_diff_wr_rd_tmp_lut<8>" is sourceless and has been removed.
The signal
"FIFO/U0/xst_fifo_generator/gconvfifo.rf/grf.rf/gntv_or_sync_fifo.gl0.rd/gr1.grd
c2.rdc/Msub_diff_wr_rd_tmp_cy<6>" is sourceless and has been removed.
 Sourceless block
"FIFO/U0/xst_fifo_generator/gconvfifo.rf/grf.rf/gntv_or_sync_fifo.gl0.rd/gr1.grd
c2.rdc/Msub_diff_wr_rd_tmp_xor<7>" (XOR) removed.
  The signal
"FIFO/U0/xst_fifo_generator/gconvfifo.rf/grf.rf/gntv_or_sync_fifo.gl0.rd/gr1.grd
c2.rdc/diff_wr_rd_tmp<7>" is sourceless and has been removed.
   Sourceless block
"FIFO/U0/xst_fifo_generator/gconvfifo.rf/grf.rf/gntv_or_sync_fifo.gl0.rd/gr1.grd
c2.rdc/Madd_rd_dc_i_addsub0000_cy<7>_rt" (ROM) removed.
 Sourceless block
"FIFO/U0/xst_fifo_generator/gconvfifo.rf/grf.rf/gntv_or_sync_fifo.gl0.rd/gr1.grd
c2.rdc/Msub_diff_wr_rd_tmp_cy<7>" (MUX) removed.
The signal
"FIFO/U0/xst_fifo_generator/gconvfifo.rf/grf.rf/gntv_or_sync_fifo.gl0.rd/gr1.grd
c2.rdc/Msub_diff_wr_rd_tmp_lut<7>" is sourceless and has been removed.
The signal
"FIFO/U0/xst_fifo_generator/gconvfifo.rf/grf.rf/gntv_or_sync_fifo.gl0.rd/gr1.grd
c2.rdc/Msub_diff_wr_rd_tmp_cy<5>" is sourceless and has been removed.
 Sourceless block
"FIFO/U0/xst_fifo_generator/gconvfifo.rf/grf.rf/gntv_or_sync_fifo.gl0.rd/gr1.grd
c2.rdc/Msub_diff_wr_rd_tmp_xor<6>" (XOR) removed.
  The signal
"FIFO/U0/xst_fifo_generator/gconvfifo.rf/grf.rf/gntv_or_sync_fifo.gl0.rd/gr1.grd
c2.rdc/diff_wr_rd_tmp<6>" is sourceless and has been removed.
   Sourceless block
"FIFO/U0/xst_fifo_generator/gconvfifo.rf/grf.rf/gntv_or_sync_fifo.gl0.rd/gr1.grd
c2.rdc/Madd_rd_dc_i_addsub0000_cy<6>_rt" (ROM) removed.
 Sourceless block
"FIFO/U0/xst_fifo_generator/gconvfifo.rf/grf.rf/gntv_or_sync_fifo.gl0.rd/gr1.grd
c2.rdc/Msub_diff_wr_rd_tmp_cy<6>" (MUX) removed.
The signal
"FIFO/U0/xst_fifo_generator/gconvfifo.rf/grf.rf/gntv_or_sync_fifo.gl0.rd/gr1.grd
c2.rdc/Msub_diff_wr_rd_tmp_lut<6>" is sourceless and has been removed.
The signal
"FIFO/U0/xst_fifo_generator/gconvfifo.rf/grf.rf/gntv_or_sync_fifo.gl0.rd/gr1.grd
c2.rdc/Msub_diff_wr_rd_tmp_cy<4>" is sourceless and has been removed.
 Sourceless block
"FIFO/U0/xst_fifo_generator/gconvfifo.rf/grf.rf/gntv_or_sync_fifo.gl0.rd/gr1.grd
c2.rdc/Msub_diff_wr_rd_tmp_xor<5>" (XOR) removed.
  The signal
"FIFO/U0/xst_fifo_generator/gconvfifo.rf/grf.rf/gntv_or_sync_fifo.gl0.rd/gr1.grd
c2.rdc/diff_wr_rd_tmp<5>" is sourceless and has been removed.
   Sourceless block
"FIFO/U0/xst_fifo_generator/gconvfifo.rf/grf.rf/gntv_or_sync_fifo.gl0.rd/gr1.grd
c2.rdc/Madd_rd_dc_i_addsub0000_cy<5>_rt" (ROM) removed.
 Sourceless block
"FIFO/U0/xst_fifo_generator/gconvfifo.rf/grf.rf/gntv_or_sync_fifo.gl0.rd/gr1.grd
c2.rdc/Msub_diff_wr_rd_tmp_cy<5>" (MUX) removed.
The signal
"FIFO/U0/xst_fifo_generator/gconvfifo.rf/grf.rf/gntv_or_sync_fifo.gl0.rd/gr1.grd
c2.rdc/Msub_diff_wr_rd_tmp_lut<5>" is sourceless and has been removed.
The signal
"FIFO/U0/xst_fifo_generator/gconvfifo.rf/grf.rf/gntv_or_sync_fifo.gl0.rd/gr1.grd
c2.rdc/Msub_diff_wr_rd_tmp_cy<3>" is sourceless and has been removed.
 Sourceless block
"FIFO/U0/xst_fifo_generator/gconvfifo.rf/grf.rf/gntv_or_sync_fifo.gl0.rd/gr1.grd
c2.rdc/Msub_diff_wr_rd_tmp_xor<4>" (XOR) removed.
  The signal
"FIFO/U0/xst_fifo_generator/gconvfifo.rf/grf.rf/gntv_or_sync_fifo.gl0.rd/gr1.grd
c2.rdc/diff_wr_rd_tmp<4>" is sourceless and has been removed.
   Sourceless block
"FIFO/U0/xst_fifo_generator/gconvfifo.rf/grf.rf/gntv_or_sync_fifo.gl0.rd/gr1.grd
c2.rdc/Madd_rd_dc_i_addsub0000_cy<4>_rt" (ROM) removed.
 Sourceless block
"FIFO/U0/xst_fifo_generator/gconvfifo.rf/grf.rf/gntv_or_sync_fifo.gl0.rd/gr1.grd
c2.rdc/Msub_diff_wr_rd_tmp_cy<4>" (MUX) removed.
The signal
"FIFO/U0/xst_fifo_generator/gconvfifo.rf/grf.rf/gntv_or_sync_fifo.gl0.rd/gr1.grd
c2.rdc/Msub_diff_wr_rd_tmp_lut<4>" is sourceless and has been removed.
The signal
"FIFO/U0/xst_fifo_generator/gconvfifo.rf/grf.rf/gntv_or_sync_fifo.gl0.rd/gr1.grd
c2.rdc/Msub_diff_wr_rd_tmp_cy<2>" is sourceless and has been removed.
 Sourceless block
"FIFO/U0/xst_fifo_generator/gconvfifo.rf/grf.rf/gntv_or_sync_fifo.gl0.rd/gr1.grd
c2.rdc/Msub_diff_wr_rd_tmp_xor<3>" (XOR) removed.
  The signal
"FIFO/U0/xst_fifo_generator/gconvfifo.rf/grf.rf/gntv_or_sync_fifo.gl0.rd/gr1.grd
c2.rdc/diff_wr_rd_tmp<3>" is sourceless and has been removed.
   Sourceless block
"FIFO/U0/xst_fifo_generator/gconvfifo.rf/grf.rf/gntv_or_sync_fifo.gl0.rd/gr1.grd
c2.rdc/Madd_rd_dc_i_addsub0000_cy<3>_rt" (ROM) removed.
 Sourceless block
"FIFO/U0/xst_fifo_generator/gconvfifo.rf/grf.rf/gntv_or_sync_fifo.gl0.rd/gr1.grd
c2.rdc/Msub_diff_wr_rd_tmp_cy<3>" (MUX) removed.
The signal
"FIFO/U0/xst_fifo_generator/gconvfifo.rf/grf.rf/gntv_or_sync_fifo.gl0.rd/gr1.grd
c2.rdc/Msub_diff_wr_rd_tmp_lut<3>" is sourceless and has been removed.
The signal
"FIFO/U0/xst_fifo_generator/gconvfifo.rf/grf.rf/gntv_or_sync_fifo.gl0.rd/gr1.grd
c2.rdc/Msub_diff_wr_rd_tmp_cy<1>" is sourceless and has been removed.
 Sourceless block
"FIFO/U0/xst_fifo_generator/gconvfifo.rf/grf.rf/gntv_or_sync_fifo.gl0.rd/gr1.grd
c2.rdc/Msub_diff_wr_rd_tmp_xor<2>" (XOR) removed.
  The signal
"FIFO/U0/xst_fifo_generator/gconvfifo.rf/grf.rf/gntv_or_sync_fifo.gl0.rd/gr1.grd
c2.rdc/diff_wr_rd_tmp<2>" is sourceless and has been removed.
   Sourceless block
"FIFO/U0/xst_fifo_generator/gconvfifo.rf/grf.rf/gntv_or_sync_fifo.gl0.rd/gr1.grd
c2.rdc/Madd_rd_dc_i_addsub0000_cy<2>_rt" (ROM) removed.
 Sourceless block
"FIFO/U0/xst_fifo_generator/gconvfifo.rf/grf.rf/gntv_or_sync_fifo.gl0.rd/gr1.grd
c2.rdc/Msub_diff_wr_rd_tmp_cy<2>" (MUX) removed.
The signal
"FIFO/U0/xst_fifo_generator/gconvfifo.rf/grf.rf/gntv_or_sync_fifo.gl0.rd/gr1.grd
c2.rdc/Msub_diff_wr_rd_tmp_lut<2>" is sourceless and has been removed.
The signal
"FIFO/U0/xst_fifo_generator/gconvfifo.rf/grf.rf/gntv_or_sync_fifo.gl0.rd/gr1.grd
c2.rdc/Msub_diff_wr_rd_tmp_cy<0>" is sourceless and has been removed.
 Sourceless block
"FIFO/U0/xst_fifo_generator/gconvfifo.rf/grf.rf/gntv_or_sync_fifo.gl0.rd/gr1.grd
c2.rdc/Msub_diff_wr_rd_tmp_xor<1>" (XOR) removed.
  The signal
"FIFO/U0/xst_fifo_generator/gconvfifo.rf/grf.rf/gntv_or_sync_fifo.gl0.rd/gr1.grd
c2.rdc/diff_wr_rd_tmp<1>" is sourceless and has been removed.
   Sourceless block
"FIFO/U0/xst_fifo_generator/gconvfifo.rf/grf.rf/gntv_or_sync_fifo.gl0.rd/gr1.grd
c2.rdc/Madd_rd_dc_i_addsub0000_lut<1>_INV_0" (BUF) removed.
 Sourceless block
"FIFO/U0/xst_fifo_generator/gconvfifo.rf/grf.rf/gntv_or_sync_fifo.gl0.rd/gr1.grd
c2.rdc/Msub_diff_wr_rd_tmp_cy<1>" (MUX) removed.
The signal
"FIFO/U0/xst_fifo_generator/gconvfifo.rf/grf.rf/gntv_or_sync_fifo.gl0.rd/gr1.grd
c2.rdc/Msub_diff_wr_rd_tmp_lut<1>" is sourceless and has been removed.
The signal
"FIFO/U0/xst_fifo_generator/gconvfifo.rf/grf.rf/gntv_or_sync_fifo.gl0.rd/gr1.grd
c2.rdc/Msub_diff_wr_rd_tmp_lut<0>" is sourceless and has been removed.
 Sourceless block
"FIFO/U0/xst_fifo_generator/gconvfifo.rf/grf.rf/gntv_or_sync_fifo.gl0.rd/gr1.grd
c2.rdc/Msub_diff_wr_rd_tmp_xor<0>" (XOR) removed.
  The signal
"FIFO/U0/xst_fifo_generator/gconvfifo.rf/grf.rf/gntv_or_sync_fifo.gl0.rd/gr1.grd
c2.rdc/diff_wr_rd_tmp<0>" is sourceless and has been removed.
 Sourceless block
"FIFO/U0/xst_fifo_generator/gconvfifo.rf/grf.rf/gntv_or_sync_fifo.gl0.rd/gr1.grd
c2.rdc/Msub_diff_wr_rd_tmp_cy<0>" (MUX) removed.
Unused block
"FIFO/U0/xst_fifo_generator/gconvfifo.rf/grf.rf/gntv_or_sync_fifo.gl0.rd/gr1.grd
c2.rdc/Msub_diff_wr_rd_tmp_lut<0>" (ROM) removed.
Unused block
"FIFO/U0/xst_fifo_generator/gconvfifo.rf/grf.rf/gntv_or_sync_fifo.gl0.rd/gr1.grd
c2.rdc/Msub_diff_wr_rd_tmp_lut<10>" (ROM) removed.
Unused block
"FIFO/U0/xst_fifo_generator/gconvfifo.rf/grf.rf/gntv_or_sync_fifo.gl0.rd/gr1.grd
c2.rdc/Msub_diff_wr_rd_tmp_lut<11>" (ROM) removed.
Unused block
"FIFO/U0/xst_fifo_generator/gconvfifo.rf/grf.rf/gntv_or_sync_fifo.gl0.rd/gr1.grd
c2.rdc/Msub_diff_wr_rd_tmp_lut<12>" (ROM) removed.
Unused block
"FIFO/U0/xst_fifo_generator/gconvfifo.rf/grf.rf/gntv_or_sync_fifo.gl0.rd/gr1.grd
c2.rdc/Msub_diff_wr_rd_tmp_lut<1>" (ROM) removed.
Unused block
"FIFO/U0/xst_fifo_generator/gconvfifo.rf/grf.rf/gntv_or_sync_fifo.gl0.rd/gr1.grd
c2.rdc/Msub_diff_wr_rd_tmp_lut<2>" (ROM) removed.
Unused block
"FIFO/U0/xst_fifo_generator/gconvfifo.rf/grf.rf/gntv_or_sync_fifo.gl0.rd/gr1.grd
c2.rdc/Msub_diff_wr_rd_tmp_lut<3>" (ROM) removed.
Unused block
"FIFO/U0/xst_fifo_generator/gconvfifo.rf/grf.rf/gntv_or_sync_fifo.gl0.rd/gr1.grd
c2.rdc/Msub_diff_wr_rd_tmp_lut<4>" (ROM) removed.
Unused block
"FIFO/U0/xst_fifo_generator/gconvfifo.rf/grf.rf/gntv_or_sync_fifo.gl0.rd/gr1.grd
c2.rdc/Msub_diff_wr_rd_tmp_lut<5>" (ROM) removed.
Unused block
"FIFO/U0/xst_fifo_generator/gconvfifo.rf/grf.rf/gntv_or_sync_fifo.gl0.rd/gr1.grd
c2.rdc/Msub_diff_wr_rd_tmp_lut<6>" (ROM) removed.
Unused block
"FIFO/U0/xst_fifo_generator/gconvfifo.rf/grf.rf/gntv_or_sync_fifo.gl0.rd/gr1.grd
c2.rdc/Msub_diff_wr_rd_tmp_lut<7>" (ROM) removed.
Unused block
"FIFO/U0/xst_fifo_generator/gconvfifo.rf/grf.rf/gntv_or_sync_fifo.gl0.rd/gr1.grd
c2.rdc/Msub_diff_wr_rd_tmp_lut<8>" (ROM) removed.
Unused block
"FIFO/U0/xst_fifo_generator/gconvfifo.rf/grf.rf/gntv_or_sync_fifo.gl0.rd/gr1.grd
c2.rdc/Msub_diff_wr_rd_tmp_lut<9>" (ROM) removed.
Unused block
"FIFO/U0/xst_fifo_generator/gconvfifo.rf/grf.rf/gntv_or_sync_fifo.gl0.rd/gr1.rfw
ft/user_valid" (FF) removed.
Unused block
"FIFO/U0/xst_fifo_generator/gconvfifo.rf/grf.rf/gntv_or_sync_fifo.gl0.wr/gwas.ws
ts/ram_full_i" (FF) removed.
Unused block
"FIFO/U0/xst_fifo_generator/gconvfifo.rf/grf.rf/gntv_or_sync_fifo.gl0.wr/gwdc1.w
dcext/Msub_diff_wr_rd_tmp_lut<0>" (ROM) removed.
Unused block
"FIFO/U0/xst_fifo_generator/gconvfifo.rf/grf.rf/gntv_or_sync_fifo.gl0.wr/gwdc1.w
dcext/Msub_diff_wr_rd_tmp_lut<10>" (ROM) removed.
Unused block
"FIFO/U0/xst_fifo_generator/gconvfifo.rf/grf.rf/gntv_or_sync_fifo.gl0.wr/gwdc1.w
dcext/Msub_diff_wr_rd_tmp_lut<11>" (ROM) removed.
Unused block
"FIFO/U0/xst_fifo_generator/gconvfifo.rf/grf.rf/gntv_or_sync_fifo.gl0.wr/gwdc1.w
dcext/Msub_diff_wr_rd_tmp_lut<12>" (ROM) removed.
Unused block
"FIFO/U0/xst_fifo_generator/gconvfifo.rf/grf.rf/gntv_or_sync_fifo.gl0.wr/gwdc1.w
dcext/Msub_diff_wr_rd_tmp_lut<1>" (ROM) removed.
Unused block
"FIFO/U0/xst_fifo_generator/gconvfifo.rf/grf.rf/gntv_or_sync_fifo.gl0.wr/gwdc1.w
dcext/Msub_diff_wr_rd_tmp_lut<2>" (ROM) removed.
Unused block
"FIFO/U0/xst_fifo_generator/gconvfifo.rf/grf.rf/gntv_or_sync_fifo.gl0.wr/gwdc1.w
dcext/Msub_diff_wr_rd_tmp_lut<3>" (ROM) removed.
Unused block
"FIFO/U0/xst_fifo_generator/gconvfifo.rf/grf.rf/gntv_or_sync_fifo.gl0.wr/gwdc1.w
dcext/Msub_diff_wr_rd_tmp_lut<4>" (ROM) removed.
Unused block
"FIFO/U0/xst_fifo_generator/gconvfifo.rf/grf.rf/gntv_or_sync_fifo.gl0.wr/gwdc1.w
dcext/Msub_diff_wr_rd_tmp_lut<5>" (ROM) removed.
Unused block
"FIFO/U0/xst_fifo_generator/gconvfifo.rf/grf.rf/gntv_or_sync_fifo.gl0.wr/gwdc1.w
dcext/Msub_diff_wr_rd_tmp_lut<6>" (ROM) removed.
Unused block
"FIFO/U0/xst_fifo_generator/gconvfifo.rf/grf.rf/gntv_or_sync_fifo.gl0.wr/gwdc1.w
dcext/Msub_diff_wr_rd_tmp_lut<7>" (ROM) removed.
Unused block
"FIFO/U0/xst_fifo_generator/gconvfifo.rf/grf.rf/gntv_or_sync_fifo.gl0.wr/gwdc1.w
dcext/Msub_diff_wr_rd_tmp_lut<8>" (ROM) removed.
Unused block
"FIFO/U0/xst_fifo_generator/gconvfifo.rf/grf.rf/gntv_or_sync_fifo.gl0.wr/gwdc1.w
dcext/Msub_diff_wr_rd_tmp_lut<9>" (ROM) removed.

Optimized Block(s):
TYPE 		BLOCK
GND 		FIFO/XST_GND
VCC 		FIFO/XST_VCC
GND 		XST_GND
VCC 		XST_VCC

To enable printing of redundant blocks removed and signals merged, set the
detailed map report option and rerun map.

Section 6 - IOB Properties
--------------------------

+---------------------------------------------------------------------------------------------------------------------------------------------------------+
| IOB Name                           | Type             | Direction | IO Standard          | Diff  | Drive    | Slew | Reg (s)      | Resistor | IOB      |
|                                    |                  |           |                      | Term  | Strength | Rate |              |          | Delay    |
+---------------------------------------------------------------------------------------------------------------------------------------------------------+
| clk                                | IOB              | INPUT     | LVCMOS25             |       |          |      |              |          |          |
| dacclk                             | IOB              | OUTPUT    | LVCMOS25             |       | 12       | SLOW |              |          |          |
| dacdata                            | IOB              | OUTPUT    | LVCMOS25             |       | 12       | SLOW |              |          |          |
| dacload                            | IOB              | OUTPUT    | LVCMOS25             |       | 12       | SLOW |              |          |          |
| kbclk                              | IOB              | INPUT     | LVCMOS25             |       |          |      |              |          |          |
| kbdata                             | IOB              | INPUT     | LVCMOS25             |       |          |      |              |          |          |
| leds<0>                            | IOB              | OUTPUT    | LVCMOS25             |       | 12       | SLOW |              |          |          |
| leds<1>                            | IOB              | OUTPUT    | LVCMOS25             |       | 12       | SLOW |              |          |          |
| leds<2>                            | IOB              | OUTPUT    | LVCMOS25             |       | 12       | SLOW |              |          |          |
| leds<3>                            | IOB              | OUTPUT    | LVCMOS25             |       | 12       | SLOW |              |          |          |
| leds<4>                            | IOB              | OUTPUT    | LVCMOS25             |       | 12       | SLOW |              |          |          |
| leds<5>                            | IOB              | OUTPUT    | LVCMOS25             |       | 12       | SLOW |              |          |          |
| leds<6>                            | IOB              | OUTPUT    | LVCMOS25             |       | 12       | SLOW |              |          |          |
| leds<7>                            | IOB              | OUTPUT    | LVCMOS25             |       | 12       | SLOW |              |          |          |
| mmc_clock                          | IOB              | OUTPUT    | LVCMOS25             |       | 12       | SLOW |              |          |          |
| mmc_cs                             | IOB              | OUTPUT    | LVCMOS25             |       | 12       | SLOW |              |          |          |
| mmc_miso                           | IOB              | INPUT     | LVCMOS25             |       |          |      |              |          |          |
| mmc_mosi                           | IOB              | OUTPUT    | LVCMOS25             |       | 12       | SLOW |              |          |          |
| reset                              | IOB              | INPUT     | LVCMOS25             |       |          |      |              |          |          |
| segment_addr<0>                    | IOB              | OUTPUT    | LVCMOS25             |       | 12       | SLOW |              |          |          |
| segment_addr<1>                    | IOB              | OUTPUT    | LVCMOS25             |       | 12       | SLOW |              |          |          |
| segment_addr<2>                    | IOB              | OUTPUT    | LVCMOS25             |       | 12       | SLOW |              |          |          |
| segment_addr<3>                    | IOB              | OUTPUT    | LVCMOS25             |       | 12       | SLOW |              |          |          |
| segment_data<0>                    | IOB              | OUTPUT    | LVCMOS25             |       | 12       | SLOW |              |          |          |
| segment_data<1>                    | IOB              | OUTPUT    | LVCMOS25             |       | 12       | SLOW |              |          |          |
| segment_data<2>                    | IOB              | OUTPUT    | LVCMOS25             |       | 12       | SLOW |              |          |          |
| segment_data<3>                    | IOB              | OUTPUT    | LVCMOS25             |       | 12       | SLOW |              |          |          |
| segment_data<4>                    | IOB              | OUTPUT    | LVCMOS25             |       | 12       | SLOW |              |          |          |
| segment_data<5>                    | IOB              | OUTPUT    | LVCMOS25             |       | 12       | SLOW |              |          |          |
| segment_data<6>                    | IOB              | OUTPUT    | LVCMOS25             |       | 12       | SLOW |              |          |          |
| segment_data<7>                    | IOB              | OUTPUT    | LVCMOS25             |       | 12       | SLOW |              |          |          |
| switches<0>                        | IOB              | INPUT     | LVCMOS25             |       |          |      |              |          |          |
| switches<1>                        | IOB              | INPUT     | LVCMOS25             |       |          |      |              |          |          |
| switches<2>                        | IOB              | INPUT     | LVCMOS25             |       |          |      |              |          |          |
| switches<3>                        | IOB              | INPUT     | LVCMOS25             |       |          |      |              |          |          |
| switches<4>                        | IOB              | INPUT     | LVCMOS25             |       |          |      |              |          |          |
| switches<5>                        | IOB              | INPUT     | LVCMOS25             |       |          |      |              |          |          |
| switches<6>                        | IOB              | INPUT     | LVCMOS25             |       |          |      |              |          |          |
| switches<7>                        | IOB              | INPUT     | LVCMOS25             |       |          |      |              |          |          |
| vol_down                           | IOB              | INPUT     | LVCMOS25             |       |          |      |              |          |          |
| vol_up                             | IOB              | INPUT     | LVCMOS25             |       |          |      |              |          |          |
+---------------------------------------------------------------------------------------------------------------------------------------------------------+

Section 7 - RPMs
----------------

Section 8 - Guide Report
------------------------
Guide not run on this design.

Section 9 - Area Group and Partition Summary
--------------------------------------------

Partition Implementation Status
-------------------------------

  No Partitions were found in this design.

-------------------------------

Area Group Information
----------------------

  No area groups were found in this design.

----------------------

Section 10 - Timing Report
--------------------------
This design was not run using timing mode.

Section 11 - Configuration String Details
-----------------------------------------
Use the "-detail" map option to print out Configuration Strings

Section 12 - Control Set Information
------------------------------------
No control set information for this architecture.

Section 13 - Utilization by Hierarchy
-------------------------------------
Use the "-detail" map option to print out the Utilization by Hierarchy section.
